<?xml version="1.0" encoding="utf-8"?>
<TestRun id="722c87c3-d563-49e7-853d-9c00fe12cee3" name="@DESKTOP-8QN70SI 2026-04-13 23:08:26" xmlns="http://microsoft.com/schemas/VisualStudio/TeamTest/2010">
  <Times creation="2026-04-13T23:08:26.4947752-04:00" queuing="2026-04-13T23:08:26.4947753-04:00" start="2026-04-13T23:08:25.8953475-04:00" finish="2026-04-13T23:08:35.3466672-04:00" />
  <TestSettings name="default" id="42e99b85-b99c-4d3c-af18-99b845a250c4">
    <Deployment runDeploymentRoot="_DESKTOP-8QN70SI_2026-04-13_23_08_26" />
  </TestSettings>
  <Results>
    <UnitTestResult executionId="e8426b35-7ce3-42de-acf1-ace3870937e4" testId="83275e97-dd04-fb0c-98cf-75ee922d282a" testName="RoadTripMap.Tests.Endpoints.GeocodeEndpointTests.PhotoUpload_WithValidCoordinates_SetsPlaceName" computerName="DESKTOP-8QN70SI" duration="00:00:00.0019705" startTime="2026-04-13T23:08:27.1364641-04:00" endTime="2026-04-13T23:08:27.1364642-04:00" testType="13cdc9d9-ddb5-4fa4-a97d-d965ccfc6d4b" outcome="Passed" testListId="8c84fa94-04c1-424b-9868-57a2d4851a1d" relativeResultsDirectory="e8426b35-7ce3-42de-acf1-ace3870937e4" />
    <UnitTestResult executionId="3f2d8664-d3f9-42d7-b068-095e1dd9a484" testId="3b667907-0722-da9c-3961-078a35bdd14a" testName="RoadTripMap.Tests.Endpoints.ValidationTests.Caption_Exactly1000Chars_ShouldBeAccepted" computerName="DESKTOP-8QN70SI" duration="00:00:00.0000722" startTime="2026-04-13T23:08:27.1729681-04:00" endTime="2026-04-13T23:08:27.1729681-04:00" testType="13cdc9d9-ddb5-4fa4-a97d-d965ccfc6d4b" outcome="Passed" testListId="8c84fa94-04c1-424b-9868-57a2d4851a1d" relativeResultsDirectory="3f2d8664-d3f9-42d7-b068-095e1dd9a484" />
    <UnitTestResult executionId="bdf0b536-987c-4c15-aa51-8fbf445f221a" testId="c2e8821a-a66d-9288-996d-6c9aaa7e9f3f" testName="RoadTripMap.Tests.Endpoints.IntegrationTests.UploadPhoto_With15MBFile_PassesSizeCheck" computerName="DESKTOP-8QN70SI" duration="00:00:00.0000810" startTime="2026-04-13T23:08:27.1207475-04:00" endTime="2026-04-13T23:08:27.1207476-04:00" testType="13cdc9d9-ddb5-4fa4-a97d-d965ccfc6d4b" outcome="Passed" testListId="8c84fa94-04c1-424b-9868-57a2d4851a1d" relativeResultsDirectory="bdf0b536-987c-4c15-aa51-8fbf445f221a" />
    <UnitTestResult executionId="4d535839-7be8-4e13-9308-cdf39113f066" testId="e60c6da1-47ec-2f8c-93ed-7d3df592f5d8" testName="RoadTripMap.Tests.Endpoints.PoiEndpointTests.GetPoi_WithInvalidLatitudeRange_Returns400" computerName="DESKTOP-8QN70SI" duration="00:00:00.0308918" startTime="2026-04-13T23:08:30.3404913-04:00" endTime="2026-04-13T23:08:30.3404914-04:00" testType="13cdc9d9-ddb5-4fa4-a97d-d965ccfc6d4b" outcome="Passed" testListId="8c84fa94-04c1-424b-9868-57a2d4851a1d" relativeResultsDirectory="4d535839-7be8-4e13-9308-cdf39113f066" />
    <UnitTestResult executionId="be1df494-7f43-46b5-bb48-cbfc5b0895b0" testId="27376dfa-0acf-e9b8-e20e-338c5258cc9f" testName="RoadTripMap.Tests.Services.PhotoServiceTests.GetPhotoAsync_ThrowsOnInvalidSize" computerName="DESKTOP-8QN70SI" duration="00:00:00.0006441" startTime="2026-04-13T23:08:27.2338934-04:00" endTime="2026-04-13T23:08:27.2338935-04:00" testType="13cdc9d9-ddb5-4fa4-a97d-d965ccfc6d4b" outcome="Passed" testListId="8c84fa94-04c1-424b-9868-57a2d4851a1d" relativeResultsDirectory="be1df494-7f43-46b5-bb48-cbfc5b0895b0" />
    <UnitTestResult executionId="59514179-c9b6-43db-a819-eb39754863d9" testId="f2bdd360-aebb-21e6-48d3-33553a7fedee" testName="RoadTripMap.Tests.Seeder.GeoJsonProcessorRealWorldTests.SimplifyMultiPolygon_Chugach_PreservesFirstPolygonRings" computerName="DESKTOP-8QN70SI" duration="00:00:00.0023509" startTime="2026-04-13T23:08:26.6279969-04:00" endTime="2026-04-13T23:08:26.6279970-04:00" testType="13cdc9d9-ddb5-4fa4-a97d-d965ccfc6d4b" outcome="Passed" testListId="8c84fa94-04c1-424b-9868-57a2d4851a1d" relativeResultsDirectory="59514179-c9b6-43db-a819-eb39754863d9" />
    <UnitTestResult executionId="b58cb329-03fb-45a3-af5b-8ca47a1cc970" testId="17efbf09-a0d1-7e02-aeda-d5760477104b" testName="RoadTripMap.Tests.Seeder.GeoJsonProcessorTests.BuildGeoJson_WithMultiplePolygons_IncludesAllCoordinates" computerName="DESKTOP-8QN70SI" duration="00:00:00.0024066" startTime="2026-04-13T23:08:27.2517257-04:00" endTime="2026-04-13T23:08:27.2517257-04:00" testType="13cdc9d9-ddb5-4fa4-a97d-d965ccfc6d4b" outcome="Passed" testListId="8c84fa94-04c1-424b-9868-57a2d4851a1d" relativeResultsDirectory="b58cb329-03fb-45a3-af5b-8ca47a1cc970" />
    <UnitTestResult executionId="38bcb230-b332-4468-be14-9e90e3012cba" testId="27d97163-3e9f-2a82-aabd-972fc31ae392" testName="RoadTripMap.Tests.Endpoints.GeocodeEndpointTests.GeocodeService_WithValidCoordinates_ReturnsPlaceName" computerName="DESKTOP-8QN70SI" duration="00:00:00.0005407" startTime="2026-04-13T23:08:27.1365049-04:00" endTime="2026-04-13T23:08:27.1365049-04:00" testType="13cdc9d9-ddb5-4fa4-a97d-d965ccfc6d4b" outcome="Passed" testListId="8c84fa94-04c1-424b-9868-57a2d4851a1d" relativeResultsDirectory="38bcb230-b332-4468-be14-9e90e3012cba" />
    <UnitTestResult executionId="9dda12e6-1ab6-42c1-a818-93215dd474ab" testId="8d6183b4-78d9-fb43-ede2-4c3468ee2b57" testName="RoadTripMap.Tests.Seeder.GeoJsonProcessorRealWorldTests.SimplifyMultiPolygon_ChenaRiver_PreservesAllRings" computerName="DESKTOP-8QN70SI" duration="00:00:00.0010248" startTime="2026-04-13T23:08:26.5768824-04:00" endTime="2026-04-13T23:08:26.5768824-04:00" testType="13cdc9d9-ddb5-4fa4-a97d-d965ccfc6d4b" outcome="Passed" testListId="8c84fa94-04c1-424b-9868-57a2d4851a1d" relativeResultsDirectory="9dda12e6-1ab6-42c1-a818-93215dd474ab" />
    <UnitTestResult executionId="d60c56e6-f955-4f5a-bd74-734259258b74" testId="ca24bc8e-7a73-6f79-7aa0-51aa57486042" testName="RoadTripMap.Tests.Endpoints.IntegrationTests.CreateTrip_WithWhitespaceName_FailsValidation" computerName="DESKTOP-8QN70SI" duration="00:00:00.0000925" startTime="2026-04-13T23:08:27.1388301-04:00" endTime="2026-04-13T23:08:27.1388301-04:00" testType="13cdc9d9-ddb5-4fa4-a97d-d965ccfc6d4b" outcome="Passed" testListId="8c84fa94-04c1-424b-9868-57a2d4851a1d" relativeResultsDirectory="d60c56e6-f955-4f5a-bd74-734259258b74" />
    <UnitTestResult executionId="72a5fe87-b91b-46bb-9c46-f02916447a06" testId="aebb82c4-41b0-f362-7995-3321eb13a2da" testName="RoadTripMap.Tests.Endpoints.PhotoEndpointTests.PhotoServingEndpoint_NoBlobUrlExposure" computerName="DESKTOP-8QN70SI" duration="00:00:00.0012176" startTime="2026-04-13T23:08:30.2965084-04:00" endTime="2026-04-13T23:08:30.2965085-04:00" testType="13cdc9d9-ddb5-4fa4-a97d-d965ccfc6d4b" outcome="Passed" testListId="8c84fa94-04c1-424b-9868-57a2d4851a1d" relativeResultsDirectory="72a5fe87-b91b-46bb-9c46-f02916447a06" />
    <UnitTestResult executionId="adc83d30-ad89-4dca-b1ab-fd9f64056a35" testId="7ac0c581-b781-54d4-1d24-979c111536ab" testName="RoadTripMap.Tests.EndpointRegistryTests.Resolve_NullName_ThrowsArgumentException" computerName="DESKTOP-8QN70SI" duration="00:00:00.0009227" startTime="2026-04-13T23:08:27.2824179-04:00" endTime="2026-04-13T23:08:27.2824180-04:00" testType="13cdc9d9-ddb5-4fa4-a97d-d965ccfc6d4b" outcome="Passed" testListId="8c84fa94-04c1-424b-9868-57a2d4851a1d" relativeResultsDirectory="adc83d30-ad89-4dca-b1ab-fd9f64056a35" />
    <UnitTestResult executionId="101e407a-0172-4089-a5f7-e70ffa52f1c9" testId="a8b7647d-972f-cd34-12f1-c3c11c950c16" testName="RoadTripMap.Tests.EndpointRegistryTests.Resolve_EnvSource_MissingVariable_ThrowsDescriptiveError" computerName="DESKTOP-8QN70SI" duration="00:00:00.0017281" startTime="2026-04-13T23:08:27.2823911-04:00" endTime="2026-04-13T23:08:27.2823911-04:00" testType="13cdc9d9-ddb5-4fa4-a97d-d965ccfc6d4b" outcome="Passed" testListId="8c84fa94-04c1-424b-9868-57a2d4851a1d" relativeResultsDirectory="101e407a-0172-4089-a5f7-e70ffa52f1c9" />
    <UnitTestResult executionId="d9e9cab1-24e1-4fb0-8a94-13edb7cb16e0" testId="22a5f5fb-eb11-1229-e7bf-30eceb7d12c3" testName="RoadTripMap.Tests.Seeder.PadUsImporterTests.ImportAsync_WithValidStateParkPolygon_CreatesPoi" computerName="DESKTOP-8QN70SI" duration="00:00:00.0140728" startTime="2026-04-13T23:08:27.2487763-04:00" endTime="2026-04-13T23:08:27.2487764-04:00" testType="13cdc9d9-ddb5-4fa4-a97d-d965ccfc6d4b" outcome="Passed" testListId="8c84fa94-04c1-424b-9868-57a2d4851a1d" relativeResultsDirectory="d9e9cab1-24e1-4fb0-8a94-13edb7cb16e0" />
    <UnitTestResult executionId="ea1f0aa5-e23a-4fed-b63b-6e88f30f97a9" testId="c2c13e43-8a31-da7a-acde-48211882df62" testName="RoadTripMap.Tests.Seeder.NpsImporterTests.ImportAsync_WithDuplicateSourceId_UpdatesExisting" computerName="DESKTOP-8QN70SI" duration="00:00:00.0017835" startTime="2026-04-13T23:08:27.2466655-04:00" endTime="2026-04-13T23:08:27.2466655-04:00" testType="13cdc9d9-ddb5-4fa4-a97d-d965ccfc6d4b" outcome="Passed" testListId="8c84fa94-04c1-424b-9868-57a2d4851a1d" relativeResultsDirectory="ea1f0aa5-e23a-4fed-b63b-6e88f30f97a9" />
    <UnitTestResult executionId="4e46ca73-c2da-4e89-8f7e-2e3fd7658598" testId="d7855df9-0eb8-4763-d1cf-3f00bc121fa6" testName="RoadTripMap.Tests.Services.GeocodingServiceTests.ReverseGeocodeAsync_CacheMiss_CreatesGeoCacheEntry" computerName="DESKTOP-8QN70SI" duration="00:00:00.0084014" startTime="2026-04-13T23:08:27.1100432-04:00" endTime="2026-04-13T23:08:27.1100432-04:00" testType="13cdc9d9-ddb5-4fa4-a97d-d965ccfc6d4b" outcome="Passed" testListId="8c84fa94-04c1-424b-9868-57a2d4851a1d" relativeResultsDirectory="4e46ca73-c2da-4e89-8f7e-2e3fd7658598" />
    <UnitTestResult executionId="3bbfa1ac-b35a-4570-80d9-8e9d5a45b1b5" testId="ab542c59-2d8d-d76d-e1dc-250bb0e7c364" testName="RoadTripMap.Tests.Endpoints.ValidationTests.Coordinates_InvalidLongitude_ShouldBeRejected" computerName="DESKTOP-8QN70SI" duration="00:00:00.0001666" startTime="2026-04-13T23:08:27.1714689-04:00" endTime="2026-04-13T23:08:27.1714689-04:00" testType="13cdc9d9-ddb5-4fa4-a97d-d965ccfc6d4b" outcome="Passed" testListId="8c84fa94-04c1-424b-9868-57a2d4851a1d" relativeResultsDirectory="3bbfa1ac-b35a-4570-80d9-8e9d5a45b1b5" />
    <UnitTestResult executionId="f9bcfd4e-c11e-4b47-b2be-036b77804258" testId="f3061d16-3517-7466-0755-180d2ab5cc32" testName="RoadTripMap.Tests.Seeder.GeoJsonProcessorRealWorldTests.SimplifyMultiPolygon_ChenaRiver_ModerateTolerance_SamePolygonCount" computerName="DESKTOP-8QN70SI" duration="00:00:00.0009078" startTime="2026-04-13T23:08:26.6314875-04:00" endTime="2026-04-13T23:08:26.6314875-04:00" testType="13cdc9d9-ddb5-4fa4-a97d-d965ccfc6d4b" outcome="Passed" testListId="8c84fa94-04c1-424b-9868-57a2d4851a1d" relativeResultsDirectory="f9bcfd4e-c11e-4b47-b2be-036b77804258" />
    <UnitTestResult executionId="5fac24a5-7b8b-4825-b63e-86d497103c70" testId="497ea02a-0cc0-c428-04e1-8a5967fb70aa" testName="RoadTripMap.Tests.Endpoints.TripViewEndpointTests.GetTripInfo_PhotoCountAccurate" computerName="DESKTOP-8QN70SI" duration="00:00:00.0387489" startTime="2026-04-13T23:08:27.1022785-04:00" endTime="2026-04-13T23:08:27.1022785-04:00" testType="13cdc9d9-ddb5-4fa4-a97d-d965ccfc6d4b" outcome="Passed" testListId="8c84fa94-04c1-424b-9868-57a2d4851a1d" relativeResultsDirectory="5fac24a5-7b8b-4825-b63e-86d497103c70" />
    <UnitTestResult executionId="da2becd5-eb3f-4e19-80ef-41c3db79a7ed" testId="62bf1ce3-56b0-b562-b88f-6bf8f4f03aa1" testName="RoadTripMap.Tests.Endpoints.ParkBoundaryEndpointTests.GetParkBoundaries_WithInvalidLatitude_Returns400" computerName="DESKTOP-8QN70SI" duration="00:00:00.0180829" startTime="2026-04-13T23:08:30.0998165-04:00" endTime="2026-04-13T23:08:30.0998166-04:00" testType="13cdc9d9-ddb5-4fa4-a97d-d965ccfc6d4b" outcome="Passed" testListId="8c84fa94-04c1-424b-9868-57a2d4851a1d" relativeResultsDirectory="da2becd5-eb3f-4e19-80ef-41c3db79a7ed" />
    <UnitTestResult executionId="1aa93f29-b0cc-471c-a074-e89456a81c44" testId="7442132a-1a49-328a-8c47-b8aaadaf332a" testName="RoadTripMap.Tests.Seeder.GeoJsonProcessorRealWorldTests.ComputeThreeDetailLevels_Chugach_DetailLevelsOrderedDescending" computerName="DESKTOP-8QN70SI" duration="00:00:00.0303134" startTime="2026-04-13T23:08:26.6074534-04:00" endTime="2026-04-13T23:08:26.6074535-04:00" testType="13cdc9d9-ddb5-4fa4-a97d-d965ccfc6d4b" outcome="Passed" testListId="8c84fa94-04c1-424b-9868-57a2d4851a1d" relativeResultsDirectory="1aa93f29-b0cc-471c-a074-e89456a81c44" />
    <UnitTestResult executionId="ced846af-c8fd-49dc-9f44-34e37eb0987a" testId="ff89777d-4765-4940-0f0c-a51908d474f9" testName="RoadTripMap.Tests.Endpoints.TripViewEndpointTests.GetTripPhotos_WithValidSlug_ReturnsPhotosInChronologicalOrder" computerName="DESKTOP-8QN70SI" duration="00:00:00.0282051" startTime="2026-04-13T23:08:27.1304272-04:00" endTime="2026-04-13T23:08:27.1304272-04:00" testType="13cdc9d9-ddb5-4fa4-a97d-d965ccfc6d4b" outcome="Passed" testListId="8c84fa94-04c1-424b-9868-57a2d4851a1d" relativeResultsDirectory="ced846af-c8fd-49dc-9f44-34e37eb0987a" />
    <UnitTestResult executionId="8b71a6f6-3588-44fb-8509-d119227ddc6f" testId="d62b7dc9-6bb9-ecdc-1e4f-9a2ae07c4979" testName="RoadTripMap.Tests.EndpointRegistryTests.Resolve_KeyVaultSource_FailsWithDescriptiveError_IncludingVaultAndEndpointNames" computerName="DESKTOP-8QN70SI" duration="00:00:01.7051590" startTime="2026-04-13T23:08:28.9885934-04:00" endTime="2026-04-13T23:08:28.9885935-04:00" testType="13cdc9d9-ddb5-4fa4-a97d-d965ccfc6d4b" outcome="Passed" testListId="8c84fa94-04c1-424b-9868-57a2d4851a1d" relativeResultsDirectory="8b71a6f6-3588-44fb-8509-d119227ddc6f" />
    <UnitTestResult executionId="d0f6332c-2610-4bd0-b26c-761a345fce1b" testId="6a384df5-69eb-c894-b5a8-385f39beabea" testName="RoadTripMap.Tests.Endpoints.PoiEndpointTests.GetPoi_WithMultiplePoisAtSameCoordinates_ReturnsHighestPriority" computerName="DESKTOP-8QN70SI" duration="00:00:00.0192367" startTime="2026-04-13T23:08:30.7193300-04:00" endTime="2026-04-13T23:08:30.7193301-04:00" testType="13cdc9d9-ddb5-4fa4-a97d-d965ccfc6d4b" outcome="Passed" testListId="8c84fa94-04c1-424b-9868-57a2d4851a1d" relativeResultsDirectory="d0f6332c-2610-4bd0-b26c-761a345fce1b" />
    <UnitTestResult executionId="b16c37af-77af-403d-850c-d2ad5e4cb43a" testId="38131e84-0de2-1dce-751b-698a3889dff2" testName="RoadTripMap.Tests.Endpoints.TripEndpointTests.CreateTrip_NoAuthenticationRequired" computerName="DESKTOP-8QN70SI" duration="00:00:00.0148965" startTime="2026-04-13T23:08:27.1604489-04:00" endTime="2026-04-13T23:08:27.1604489-04:00" testType="13cdc9d9-ddb5-4fa4-a97d-d965ccfc6d4b" outcome="Passed" testListId="8c84fa94-04c1-424b-9868-57a2d4851a1d" relativeResultsDirectory="b16c37af-77af-403d-850c-d2ad5e4cb43a" />
    <UnitTestResult executionId="d3220a6e-c7d7-4514-be5d-af2c874cd749" testId="f771c2bb-7254-b1ca-8cf2-330c9104e7df" testName="RoadTripMap.Tests.Endpoints.IntegrationTests.CreateTrip_WithValidName_PassesValidation" computerName="DESKTOP-8QN70SI" duration="00:00:00.0000832" startTime="2026-04-13T23:08:27.1391172-04:00" endTime="2026-04-13T23:08:27.1391173-04:00" testType="13cdc9d9-ddb5-4fa4-a97d-d965ccfc6d4b" outcome="Passed" testListId="8c84fa94-04c1-424b-9868-57a2d4851a1d" relativeResultsDirectory="d3220a6e-c7d7-4514-be5d-af2c874cd749" />
    <UnitTestResult executionId="6b98cc07-a183-45e7-804c-c6eed98375e6" testId="4fcd6e42-278f-ce94-18ff-beeeafc98f23" testName="RoadTripMap.Tests.Endpoints.PoiEndpointTests.GetPoi_WithZoom7_ReturnsStateParksAndNaturalFeatures" computerName="DESKTOP-8QN70SI" duration="00:00:00.0202950" startTime="2026-04-13T23:08:30.9877927-04:00" endTime="2026-04-13T23:08:30.9877928-04:00" testType="13cdc9d9-ddb5-4fa4-a97d-d965ccfc6d4b" outcome="Passed" testListId="8c84fa94-04c1-424b-9868-57a2d4851a1d" relativeResultsDirectory="6b98cc07-a183-45e7-804c-c6eed98375e6" />
    <UnitTestResult executionId="7aa80a56-2d3d-4785-af5e-9fd6eccb7183" testId="19b1c406-f80c-e11d-5f0f-ec11c9467efa" testName="RoadTripMap.Tests.Seeder.PadUsBoundaryImporterTests.ImportAsync_WithIdempotency_DoesNotCreateDuplicates" computerName="DESKTOP-8QN70SI" duration="00:00:00.0142256" startTime="2026-04-13T23:08:27.2833150-04:00" endTime="2026-04-13T23:08:27.2833151-04:00" testType="13cdc9d9-ddb5-4fa4-a97d-d965ccfc6d4b" outcome="Passed" testListId="8c84fa94-04c1-424b-9868-57a2d4851a1d" relativeResultsDirectory="7aa80a56-2d3d-4785-af5e-9fd6eccb7183" />
    <UnitTestResult executionId="c06d7721-433d-4a77-9927-704caa6050ee" testId="83aa06bf-bb21-fed3-26bc-96a0b883b6a7" testName="RoadTripMap.Tests.Endpoints.IntegrationTests.UploadPhoto_With1MBFile_PassesSizeCheck" computerName="DESKTOP-8QN70SI" duration="00:00:00.0000805" startTime="2026-04-13T23:08:27.1390950-04:00" endTime="2026-04-13T23:08:27.1390951-04:00" testType="13cdc9d9-ddb5-4fa4-a97d-d965ccfc6d4b" outcome="Passed" testListId="8c84fa94-04c1-424b-9868-57a2d4851a1d" relativeResultsDirectory="c06d7721-433d-4a77-9927-704caa6050ee" />
    <UnitTestResult executionId="517b917e-73d9-4431-94f6-d12340943eab" testId="40d3a4ff-687b-6648-2806-2170c6474664" testName="RoadTripMap.Tests.Seeder.GeoJsonProcessorTests.SimplifyRing_WithCollinearPoints_RemovesIntermediatePoint" computerName="DESKTOP-8QN70SI" duration="00:00:00.0002156" startTime="2026-04-13T23:08:27.2494178-04:00" endTime="2026-04-13T23:08:27.2494179-04:00" testType="13cdc9d9-ddb5-4fa4-a97d-d965ccfc6d4b" outcome="Passed" testListId="8c84fa94-04c1-424b-9868-57a2d4851a1d" relativeResultsDirectory="517b917e-73d9-4431-94f6-d12340943eab" />
    <UnitTestResult executionId="11188ee2-e195-4d05-93fe-55511184c73e" testId="18d30fb9-3fbc-5ed9-82f8-7db54c00e7d7" testName="RoadTripMap.Tests.Seeder.PadUsBoundaryImporterTests.ImportAsync_WithRecreationAreaCategory_SetsCorrectCategory" computerName="DESKTOP-8QN70SI" duration="00:00:00.0019945" startTime="2026-04-13T23:08:27.2669888-04:00" endTime="2026-04-13T23:08:27.2669888-04:00" testType="13cdc9d9-ddb5-4fa4-a97d-d965ccfc6d4b" outcome="Passed" testListId="8c84fa94-04c1-424b-9868-57a2d4851a1d" relativeResultsDirectory="11188ee2-e195-4d05-93fe-55511184c73e" />
    <UnitTestResult executionId="900bed89-39d2-48f7-846d-4d9e80db93a2" testId="bb5cafff-3c31-115b-21d2-8346bfc3e508" testName="RoadTripMap.Tests.Seeder.PadUsBoundaryImporterErrorTests.ImportAsync_CountEndpointReturns500_ThrowsHttpRequestException" computerName="DESKTOP-8QN70SI" duration="00:00:00.0009324" startTime="2026-04-13T23:08:35.2153224-04:00" endTime="2026-04-13T23:08:35.2153225-04:00" testType="13cdc9d9-ddb5-4fa4-a97d-d965ccfc6d4b" outcome="Passed" testListId="8c84fa94-04c1-424b-9868-57a2d4851a1d" relativeResultsDirectory="900bed89-39d2-48f7-846d-4d9e80db93a2" />
    <UnitTestResult executionId="cc5d7f17-626d-4179-9284-65d9be337896" testId="4bee119b-962a-23f6-1eb0-c06ab3f6a8ca" testName="RoadTripMap.Tests.Endpoints.ValidationTests.TripName_Over500Chars_ShouldBeRejected" computerName="DESKTOP-8QN70SI" duration="00:00:00.0002332" startTime="2026-04-13T23:08:27.1629230-04:00" endTime="2026-04-13T23:08:27.1629230-04:00" testType="13cdc9d9-ddb5-4fa4-a97d-d965ccfc6d4b" outcome="Passed" testListId="8c84fa94-04c1-424b-9868-57a2d4851a1d" relativeResultsDirectory="cc5d7f17-626d-4179-9284-65d9be337896" />
    <UnitTestResult executionId="3ec0a6dc-1bfa-408d-83d1-dad2cb70bbc6" testId="fb2c86b0-e44f-8a89-45e3-9815219092ff" testName="RoadTripMap.Tests.Seeder.GeoJsonProcessorRealWorldTests.SimplifyMultiPolygon_ValleyOfFire_AggressiveTolerance_ReducesPoints" computerName="DESKTOP-8QN70SI" duration="00:00:00.0007453" startTime="2026-04-13T23:08:26.6304136-04:00" endTime="2026-04-13T23:08:26.6304137-04:00" testType="13cdc9d9-ddb5-4fa4-a97d-d965ccfc6d4b" outcome="Passed" testListId="8c84fa94-04c1-424b-9868-57a2d4851a1d" relativeResultsDirectory="3ec0a6dc-1bfa-408d-83d1-dad2cb70bbc6" />
    <UnitTestResult executionId="344d2d7e-cc26-4d2a-ae85-25e922d6f0f5" testId="0a66e181-a0e7-0b5c-4328-387a7dce23db" testName="RoadTripMap.Tests.EndpointRegistryTests.Resolve_CompoundEndpoint_WithSubKey_ResolvesSubEntry" computerName="DESKTOP-8QN70SI" duration="00:00:00.0002128" startTime="2026-04-13T23:08:28.9907372-04:00" endTime="2026-04-13T23:08:28.9907373-04:00" testType="13cdc9d9-ddb5-4fa4-a97d-d965ccfc6d4b" outcome="Passed" testListId="8c84fa94-04c1-424b-9868-57a2d4851a1d" relativeResultsDirectory="344d2d7e-cc26-4d2a-ae85-25e922d6f0f5" />
    <UnitTestResult executionId="6e06f6e6-cf93-453d-9cbb-880c0cbb2f9d" testId="a942d7fe-a396-69dc-f72a-f75d7cf4532b" testName="RoadTripMap.Tests.Services.UploadRateLimiterTests.IsAllowed_FirstUpload_ReturnsTrue" computerName="DESKTOP-8QN70SI" duration="00:00:00.0000917" startTime="2026-04-13T23:08:26.4110758-04:00" endTime="2026-04-13T23:08:26.4110759-04:00" testType="13cdc9d9-ddb5-4fa4-a97d-d965ccfc6d4b" outcome="Passed" testListId="8c84fa94-04c1-424b-9868-57a2d4851a1d" relativeResultsDirectory="6e06f6e6-cf93-453d-9cbb-880c0cbb2f9d" />
    <UnitTestResult executionId="7bbc2587-4e4f-48bd-b391-976f0d42cbee" testId="916652d5-3c98-cb31-3b04-0d300a43ff4d" testName="RoadTripMap.Tests.EndpointRegistryTests.EnvironmentVariable_DotnetEnvironment_UsedAsBackup" computerName="DESKTOP-8QN70SI" duration="00:00:00.0001932" startTime="2026-04-13T23:08:27.2824616-04:00" endTime="2026-04-13T23:08:27.2824617-04:00" testType="13cdc9d9-ddb5-4fa4-a97d-d965ccfc6d4b" outcome="Passed" testListId="8c84fa94-04c1-424b-9868-57a2d4851a1d" relativeResultsDirectory="7bbc2587-4e4f-48bd-b391-976f0d42cbee" />
    <UnitTestResult executionId="7839bd2a-9391-4d07-9234-d2332092c537" testId="9976522d-ab7e-74c9-1ffc-45002180d9b4" testName="RoadTripMap.Tests.Seeder.PadUsBoundaryImporterErrorTests.ImportAsync_FeaturesReturnsThreeConsecutive429s_ThrowsHttpRequestException" computerName="DESKTOP-8QN70SI" duration="00:00:06.0067459" startTime="2026-04-13T23:08:35.2124260-04:00" endTime="2026-04-13T23:08:35.2124261-04:00" testType="13cdc9d9-ddb5-4fa4-a97d-d965ccfc6d4b" outcome="Passed" testListId="8c84fa94-04c1-424b-9868-57a2d4851a1d" relativeResultsDirectory="7839bd2a-9391-4d07-9234-d2332092c537" />
    <UnitTestResult executionId="20431ca0-63f7-4bae-8df8-45d12e50b85c" testId="b38f132d-145c-ee3a-e9c3-1abcebb558a3" testName="RoadTripMap.Tests.Endpoints.PhotoEndpointTests.GetPhotosEndpoint_WithInvalidToken_ReturnsNotFound" computerName="DESKTOP-8QN70SI" duration="00:00:00.0039546" startTime="2026-04-13T23:08:30.1893984-04:00" endTime="2026-04-13T23:08:30.1893985-04:00" testType="13cdc9d9-ddb5-4fa4-a97d-d965ccfc6d4b" outcome="Passed" testListId="8c84fa94-04c1-424b-9868-57a2d4851a1d" relativeResultsDirectory="20431ca0-63f7-4bae-8df8-45d12e50b85c" />
    <UnitTestResult executionId="3519a28b-dd52-4711-abe1-068a85456854" testId="94deab0f-efee-1328-6dd6-54d82f3705ff" testName="RoadTripMap.Tests.Seeder.GeoJsonProcessorRealWorldTests.SimplifyMultiPolygon_ChenaRiver_AggressiveTolerance_ReducesPoints" computerName="DESKTOP-8QN70SI" duration="00:00:00.0017565" startTime="2026-04-13T23:08:26.6334058-04:00" endTime="2026-04-13T23:08:26.6334059-04:00" testType="13cdc9d9-ddb5-4fa4-a97d-d965ccfc6d4b" outcome="Passed" testListId="8c84fa94-04c1-424b-9868-57a2d4851a1d" relativeResultsDirectory="3519a28b-dd52-4711-abe1-068a85456854" />
    <UnitTestResult executionId="c6ca0b0e-0f39-4a59-9488-76eaa451a3be" testId="9ee54f62-15f0-62af-7312-28175014f94b" testName="RoadTripMap.Tests.Seeder.DeduplicatorTests.DeduplicateAsync_WithLocationBoundaryCase_CorrectlyGroups" computerName="DESKTOP-8QN70SI" duration="00:00:00.0018355" startTime="2026-04-13T23:08:27.1200054-04:00" endTime="2026-04-13T23:08:27.1200054-04:00" testType="13cdc9d9-ddb5-4fa4-a97d-d965ccfc6d4b" outcome="Passed" testListId="8c84fa94-04c1-424b-9868-57a2d4851a1d" relativeResultsDirectory="c6ca0b0e-0f39-4a59-9488-76eaa451a3be" />
    <UnitTestResult executionId="60ba0117-309c-4875-b2a0-0900e13f9bf6" testId="5c7f3748-ce39-ddd9-9c73-dfb755b7e3b8" testName="RoadTripMap.Tests.Seeder.PadUsBoundaryImporterErrorTests.ImportAsync_RequestTimesOut_ThrowsOperationCanceledException" computerName="DESKTOP-8QN70SI" duration="00:00:00.0523348" startTime="2026-04-13T23:08:35.2706526-04:00" endTime="2026-04-13T23:08:35.2706527-04:00" testType="13cdc9d9-ddb5-4fa4-a97d-d965ccfc6d4b" outcome="Passed" testListId="8c84fa94-04c1-424b-9868-57a2d4851a1d" relativeResultsDirectory="60ba0117-309c-4875-b2a0-0900e13f9bf6" />
    <UnitTestResult executionId="96fd1c08-a2d5-492b-b53c-5545af2c141a" testId="31024978-0889-368d-03b1-c56680ebd5de" testName="RoadTripMap.Tests.Endpoints.TripViewEndpointTests.GetTripPhotos_WithInvalidSlug_ReturnsNotFound" computerName="DESKTOP-8QN70SI" duration="00:00:00.4183921" startTime="2026-04-13T23:08:27.0619776-04:00" endTime="2026-04-13T23:08:27.0619777-04:00" testType="13cdc9d9-ddb5-4fa4-a97d-d965ccfc6d4b" outcome="Passed" testListId="8c84fa94-04c1-424b-9868-57a2d4851a1d" relativeResultsDirectory="96fd1c08-a2d5-492b-b53c-5545af2c141a" />
    <UnitTestResult executionId="a80b8bef-2642-452f-a6f3-34b083e7ba6f" testId="65404bf5-8d38-28fb-f2bb-c45f96de4bec" testName="RoadTripMap.Tests.Seeder.OverpassImporterTests.ImportAsync_WithValidTourismData_CreatesPoisWithCorrectCategory" computerName="DESKTOP-8QN70SI" duration="00:00:00.0197501" startTime="2026-04-13T23:08:27.2242607-04:00" endTime="2026-04-13T23:08:27.2242609-04:00" testType="13cdc9d9-ddb5-4fa4-a97d-d965ccfc6d4b" outcome="Passed" testListId="8c84fa94-04c1-424b-9868-57a2d4851a1d" relativeResultsDirectory="a80b8bef-2642-452f-a6f3-34b083e7ba6f" />
    <UnitTestResult executionId="ac509553-38af-4b8f-a5f5-218a8de1848d" testId="fececf8a-a595-bdeb-212f-3896b814d736" testName="RoadTripMap.Tests.Seeder.NpsImporterTests.ImportAsync_WithMissingCoordinates_SkipsEntry" computerName="DESKTOP-8QN70SI" duration="00:00:00.0074475" startTime="2026-04-13T23:08:27.2447158-04:00" endTime="2026-04-13T23:08:27.2447158-04:00" testType="13cdc9d9-ddb5-4fa4-a97d-d965ccfc6d4b" outcome="Passed" testListId="8c84fa94-04c1-424b-9868-57a2d4851a1d" relativeResultsDirectory="ac509553-38af-4b8f-a5f5-218a8de1848d" />
    <UnitTestResult executionId="d3467c2e-bebe-4b11-ac4a-736a51adcd14" testId="a17c731e-b3be-fd43-6e7b-7d82fc064c5f" testName="RoadTripMap.Tests.Services.UploadRateLimiterTests.IsAllowed_201stUpload_ReturnsFalse" computerName="DESKTOP-8QN70SI" duration="00:00:00.0005289" startTime="2026-04-13T23:08:26.4115559-04:00" endTime="2026-04-13T23:08:26.4115559-04:00" testType="13cdc9d9-ddb5-4fa4-a97d-d965ccfc6d4b" outcome="Passed" testListId="8c84fa94-04c1-424b-9868-57a2d4851a1d" relativeResultsDirectory="d3467c2e-bebe-4b11-ac4a-736a51adcd14" />
    <UnitTestResult executionId="912890f0-5149-43e7-9864-8da9bf78979c" testId="f6a2b51c-1425-a5a4-bea4-4da09b60856c" testName="RoadTripMap.Tests.Seeder.GeoJsonProcessorRealWorldTests.BuildGeoJson_ChenaRiver_ProducesValidMultiPolygonJson" computerName="DESKTOP-8QN70SI" duration="00:00:00.0056584" startTime="2026-04-13T23:08:26.6230707-04:00" endTime="2026-04-13T23:08:26.6230708-04:00" testType="13cdc9d9-ddb5-4fa4-a97d-d965ccfc6d4b" outcome="Passed" testListId="8c84fa94-04c1-424b-9868-57a2d4851a1d" relativeResultsDirectory="912890f0-5149-43e7-9864-8da9bf78979c" />
    <UnitTestResult executionId="a4c4bc72-3d74-419e-818d-34d5527d96e2" testId="960d7d6d-032a-6999-8183-d5b1f94165ae" testName="RoadTripMap.Tests.Endpoints.IntegrationTests.GetPhotos_WithEmptyTrip_ReturnsEmptyArray" computerName="DESKTOP-8QN70SI" duration="00:00:00.0019723" startTime="2026-04-13T23:08:27.1428503-04:00" endTime="2026-04-13T23:08:27.1428504-04:00" testType="13cdc9d9-ddb5-4fa4-a97d-d965ccfc6d4b" outcome="Passed" testListId="8c84fa94-04c1-424b-9868-57a2d4851a1d" relativeResultsDirectory="a4c4bc72-3d74-419e-818d-34d5527d96e2" />
    <UnitTestResult executionId="7a94b2e0-1718-46d8-9b45-9c46aafd2a2a" testId="4e227662-d534-b04a-3064-a6aa0230719c" testName="RoadTripMap.Tests.Services.PhotoServiceTests.IPhotoService_HasDeletePhotoAsyncMethod" computerName="DESKTOP-8QN70SI" duration="00:00:00.0000947" startTime="2026-04-13T23:08:27.2324807-04:00" endTime="2026-04-13T23:08:27.2324807-04:00" testType="13cdc9d9-ddb5-4fa4-a97d-d965ccfc6d4b" outcome="Passed" testListId="8c84fa94-04c1-424b-9868-57a2d4851a1d" relativeResultsDirectory="7a94b2e0-1718-46d8-9b45-9c46aafd2a2a" />
    <UnitTestResult executionId="fb3ec0b6-4b55-4dee-af31-14f9973a33d9" testId="8cba60f7-47cd-0169-5fdd-d2a02f675d3b" testName="RoadTripMap.Tests.Endpoints.PhotoEndpointTests.GetPhotosEndpoint_WithValidToken_ReturnsPhotos" computerName="DESKTOP-8QN70SI" duration="00:00:00.0026877" startTime="2026-04-13T23:08:30.2768192-04:00" endTime="2026-04-13T23:08:30.2768193-04:00" testType="13cdc9d9-ddb5-4fa4-a97d-d965ccfc6d4b" outcome="Failed" testListId="8c84fa94-04c1-424b-9868-57a2d4851a1d" relativeResultsDirectory="fb3ec0b6-4b55-4dee-af31-14f9973a33d9">
      <Output>
        <ErrorInfo>
          <Message>Expected photos[0].Id to be 2, but found 1.</Message>
          <StackTrace>   at FluentAssertions.Execution.XUnit2TestFramework.Throw(String message)
   at FluentAssertions.Execution.TestFrameworkProvider.Throw(String message)
   at FluentAssertions.Execution.DefaultAssertionStrategy.HandleFailure(String message)
   at FluentAssertions.Execution.AssertionScope.FailWith(Func`1 failReasonFunc)
   at FluentAssertions.Execution.AssertionScope.FailWith(Func`1 failReasonFunc)
   at FluentAssertions.Execution.AssertionScope.FailWith(String message, Object[] args)
   at FluentAssertions.Numeric.NumericAssertions`2.Be(T expected, String because, Object[] becauseArgs)
   at RoadTripMap.Tests.Endpoints.PhotoEndpointTests.GetPhotosEndpoint_WithValidToken_ReturnsPhotos() in /home/patrick/projects/road-trip/tests/RoadTripMap.Tests/Endpoints/PhotoEndpointTests.cs:line 478
--- End of stack trace from previous location ---</StackTrace>
        </ErrorInfo>
      </Output>
    </UnitTestResult>
    <UnitTestResult executionId="026b8159-3503-4b74-829d-df757e9ba828" testId="1e39517f-8c82-e7eb-74e6-c04ac40f0e93" testName="RoadTripMap.Tests.Endpoints.PoiEndpointTests.GetPoi_WithNegativeCoordinates_FiltersCorrectly" computerName="DESKTOP-8QN70SI" duration="00:00:00.0200870" startTime="2026-04-13T23:08:30.8846258-04:00" endTime="2026-04-13T23:08:30.8846258-04:00" testType="13cdc9d9-ddb5-4fa4-a97d-d965ccfc6d4b" outcome="Passed" testListId="8c84fa94-04c1-424b-9868-57a2d4851a1d" relativeResultsDirectory="026b8159-3503-4b74-829d-df757e9ba828" />
    <UnitTestResult executionId="8fe23b61-ac93-43a7-bcb1-688433f5e2e8" testId="871633c4-687a-39df-08bb-843fddef393a" testName="RoadTripMap.Tests.Seeder.PadUsBoundaryImporterTests.LiveApiContract_FetchesAndParsesOnePageSuccessfully" computerName="DESKTOP-8QN70SI" duration="00:00:00.0012336" startTime="2026-04-13T23:08:27.2648662-04:00" endTime="2026-04-13T23:08:27.2648662-04:00" testType="13cdc9d9-ddb5-4fa4-a97d-d965ccfc6d4b" outcome="Passed" testListId="8c84fa94-04c1-424b-9868-57a2d4851a1d" relativeResultsDirectory="8fe23b61-ac93-43a7-bcb1-688433f5e2e8" />
    <UnitTestResult executionId="ca0ce990-8a9e-42d5-8bd7-825fd036db99" testId="e0bc15d7-a2d0-450e-e99f-4e539813116f" testName="RoadTripMap.Tests.Seeder.GeoJsonProcessorRealWorldTests.ComputeCentroid_Chugach_IsWithinBoundingBox" computerName="DESKTOP-8QN70SI" duration="00:00:00.0024159" startTime="2026-04-13T23:08:26.4780884-04:00" endTime="2026-04-13T23:08:26.4780884-04:00" testType="13cdc9d9-ddb5-4fa4-a97d-d965ccfc6d4b" outcome="Passed" testListId="8c84fa94-04c1-424b-9868-57a2d4851a1d" relativeResultsDirectory="ca0ce990-8a9e-42d5-8bd7-825fd036db99" />
    <UnitTestResult executionId="efb76998-cda9-4a65-8ad3-b4a8ef71cede" testId="3fd844b1-77a9-3db3-d9db-c317db221361" testName="RoadTripMap.Tests.Services.GeocodingServiceTests.ReverseGeocodeAsync_HttpFailure_ReturnsNull" computerName="DESKTOP-8QN70SI" duration="00:00:00.0011702" startTime="2026-04-13T23:08:27.1133142-04:00" endTime="2026-04-13T23:08:27.1133143-04:00" testType="13cdc9d9-ddb5-4fa4-a97d-d965ccfc6d4b" outcome="Passed" testListId="8c84fa94-04c1-424b-9868-57a2d4851a1d" relativeResultsDirectory="efb76998-cda9-4a65-8ad3-b4a8ef71cede" />
    <UnitTestResult executionId="fa0db61f-2984-47e4-bd84-01d957b83537" testId="c53eb663-506d-79e1-1c92-88c7362f57a5" testName="RoadTripMap.Tests.Seeder.GeoJsonProcessorRealWorldTests.ComputeCentroid_ValleyOfFire_IsWithinBoundingBox" computerName="DESKTOP-8QN70SI" duration="00:00:00.0008228" startTime="2026-04-13T23:08:26.5514269-04:00" endTime="2026-04-13T23:08:26.5514270-04:00" testType="13cdc9d9-ddb5-4fa4-a97d-d965ccfc6d4b" outcome="Passed" testListId="8c84fa94-04c1-424b-9868-57a2d4851a1d" relativeResultsDirectory="fa0db61f-2984-47e4-bd84-01d957b83537" />
    <UnitTestResult executionId="2cb5973d-362f-47f9-b801-27f22463abfd" testId="47e291a0-c4b8-d583-1fac-b3294392b315" testName="RoadTripMap.Tests.Seeder.GeoJsonProcessorTests.FilterTinyPolygons_WithAllLargePolygons_KeepsAll" computerName="DESKTOP-8QN70SI" duration="00:00:00.0002412" startTime="2026-04-13T23:08:27.2579642-04:00" endTime="2026-04-13T23:08:27.2579643-04:00" testType="13cdc9d9-ddb5-4fa4-a97d-d965ccfc6d4b" outcome="Passed" testListId="8c84fa94-04c1-424b-9868-57a2d4851a1d" relativeResultsDirectory="2cb5973d-362f-47f9-b801-27f22463abfd" />
    <UnitTestResult executionId="95dd10ff-2be3-406f-bfba-5c8f5e525ddb" testId="43e54152-be6e-46a5-072e-d28458d8a48c" testName="RoadTripMap.Tests.Endpoints.ParkBoundaryEndpointTests.GetParkBoundaries_With60ParksInViewport_ReturnMax50SortedByAcresDescending" computerName="DESKTOP-8QN70SI" duration="00:00:00.0283464" startTime="2026-04-13T23:08:30.1712622-04:00" endTime="2026-04-13T23:08:30.1712623-04:00" testType="13cdc9d9-ddb5-4fa4-a97d-d965ccfc6d4b" outcome="Passed" testListId="8c84fa94-04c1-424b-9868-57a2d4851a1d" relativeResultsDirectory="95dd10ff-2be3-406f-bfba-5c8f5e525ddb" />
    <UnitTestResult executionId="ac6f03e5-866b-4921-89f6-13163ab02a95" testId="1663757c-affb-c103-3271-57f1f99aa987" testName="RoadTripMap.Tests.Endpoints.IntegrationTests.SkiaSharp_ReencodedImageHasNoExifIfdPointer" computerName="DESKTOP-8QN70SI" duration="00:00:00.0403051" startTime="2026-04-13T23:08:27.1206434-04:00" endTime="2026-04-13T23:08:27.1206435-04:00" testType="13cdc9d9-ddb5-4fa4-a97d-d965ccfc6d4b" outcome="Passed" testListId="8c84fa94-04c1-424b-9868-57a2d4851a1d" relativeResultsDirectory="ac6f03e5-866b-4921-89f6-13163ab02a95" />
    <UnitTestResult executionId="dcec3deb-cff0-43cf-bfcf-3f1c793374c2" testId="9d57cdbb-ee0e-263b-aaa7-9973faaaed72" testName="RoadTripMap.Tests.Seeder.GeoJsonProcessorTests.SimplifyMultiPolygon_ProducesValidOutput" computerName="DESKTOP-8QN70SI" duration="00:00:00.0007977" startTime="2026-04-13T23:08:27.2546902-04:00" endTime="2026-04-13T23:08:27.2546902-04:00" testType="13cdc9d9-ddb5-4fa4-a97d-d965ccfc6d4b" outcome="Passed" testListId="8c84fa94-04c1-424b-9868-57a2d4851a1d" relativeResultsDirectory="dcec3deb-cff0-43cf-bfcf-3f1c793374c2" />
    <UnitTestResult executionId="a6f0584b-bf8c-4b2d-b46b-b07be6fe5e89" testId="59244bdc-7a41-c11c-9c69-5ab2ddcba0b7" testName="RoadTripMap.Tests.Services.GeocodingServiceTests.ReverseGeocodeAsync_CacheHit_ReturnsPlaceNameWithoutHttpRequest" computerName="DESKTOP-8QN70SI" duration="00:00:00.0040689" startTime="2026-04-13T23:08:27.0980107-04:00" endTime="2026-04-13T23:08:27.0980108-04:00" testType="13cdc9d9-ddb5-4fa4-a97d-d965ccfc6d4b" outcome="Passed" testListId="8c84fa94-04c1-424b-9868-57a2d4851a1d" relativeResultsDirectory="a6f0584b-bf8c-4b2d-b46b-b07be6fe5e89" />
    <UnitTestResult executionId="24d70605-775d-4648-a3bd-fc8e4827574a" testId="2e269ab6-d9ec-83da-f675-39e80e948d93" testName="RoadTripMap.Tests.Endpoints.ValidationTests.TripName_Exactly500Chars_ShouldBeAccepted" computerName="DESKTOP-8QN70SI" duration="00:00:00.0000859" startTime="2026-04-13T23:08:27.1729853-04:00" endTime="2026-04-13T23:08:27.1729853-04:00" testType="13cdc9d9-ddb5-4fa4-a97d-d965ccfc6d4b" outcome="Passed" testListId="8c84fa94-04c1-424b-9868-57a2d4851a1d" relativeResultsDirectory="24d70605-775d-4648-a3bd-fc8e4827574a" />
    <UnitTestResult executionId="146951f0-94da-45da-b117-e34754331a34" testId="cf69f961-4bc1-f41f-a7ed-0340989586fe" testName="RoadTripMap.Tests.Seeder.GeoJsonProcessorTests.ComputeThreeDetailLevels_AllProduceValidGeoJson" computerName="DESKTOP-8QN70SI" duration="00:00:00.0003414" startTime="2026-04-13T23:08:27.2573557-04:00" endTime="2026-04-13T23:08:27.2573557-04:00" testType="13cdc9d9-ddb5-4fa4-a97d-d965ccfc6d4b" outcome="Passed" testListId="8c84fa94-04c1-424b-9868-57a2d4851a1d" relativeResultsDirectory="146951f0-94da-45da-b117-e34754331a34" />
    <UnitTestResult executionId="48e3ab4a-cd84-41d9-bd17-f03d48f99d10" testId="64d3e24a-8359-282b-6722-1530a939053d" testName="RoadTripMap.Tests.Seeder.PadUsBoundaryImporterTests.ImportAsync_WithValidStatePark_CreatesAndStoresBoundary" computerName="DESKTOP-8QN70SI" duration="00:00:00.0019837" startTime="2026-04-13T23:08:27.2690275-04:00" endTime="2026-04-13T23:08:27.2690276-04:00" testType="13cdc9d9-ddb5-4fa4-a97d-d965ccfc6d4b" outcome="Passed" testListId="8c84fa94-04c1-424b-9868-57a2d4851a1d" relativeResultsDirectory="48e3ab4a-cd84-41d9-bd17-f03d48f99d10" />
    <UnitTestResult executionId="545c82b9-408d-402c-922c-3686b0974ca0" testId="4ab893ed-ee81-58d9-44de-6e478e6fc79e" testName="RoadTripMap.Tests.Endpoints.TripEndpointTests.CreateTrip_Response_ContainsViewUrlAndPostUrl" computerName="DESKTOP-8QN70SI" duration="00:00:00.0014558" startTime="2026-04-13T23:08:27.1628957-04:00" endTime="2026-04-13T23:08:27.1628958-04:00" testType="13cdc9d9-ddb5-4fa4-a97d-d965ccfc6d4b" outcome="Passed" testListId="8c84fa94-04c1-424b-9868-57a2d4851a1d" relativeResultsDirectory="545c82b9-408d-402c-922c-3686b0974ca0" />
    <UnitTestResult executionId="c7a64f0e-45aa-4b52-8a34-16adad37c3ec" testId="d9033408-a7e5-208e-b303-b410e6e9c28d" testName="RoadTripMap.Tests.Endpoints.PoiEndpointTests.GetPoi_WithZoom6_ReturnsNoPois" computerName="DESKTOP-8QN70SI" duration="00:00:00.0569033" startTime="2026-04-13T23:08:30.4096622-04:00" endTime="2026-04-13T23:08:30.4096623-04:00" testType="13cdc9d9-ddb5-4fa4-a97d-d965ccfc6d4b" outcome="Passed" testListId="8c84fa94-04c1-424b-9868-57a2d4851a1d" relativeResultsDirectory="c7a64f0e-45aa-4b52-8a34-16adad37c3ec" />
    <UnitTestResult executionId="76dbe250-e3fc-4eed-93d8-4e1d7d491b55" testId="3c3acc7a-e0f9-84fc-c1a1-1f2daf6f4448" testName="RoadTripMap.Tests.Middleware.SecurityHeaderTests.UnknownViewToken_ValidGuid_Returns404" computerName="DESKTOP-8QN70SI" duration="00:00:00.1223998" startTime="2026-04-13T23:08:29.5265640-04:00" endTime="2026-04-13T23:08:29.5265641-04:00" testType="13cdc9d9-ddb5-4fa4-a97d-d965ccfc6d4b" outcome="Passed" testListId="8c84fa94-04c1-424b-9868-57a2d4851a1d" relativeResultsDirectory="76dbe250-e3fc-4eed-93d8-4e1d7d491b55" />
    <UnitTestResult executionId="5beeceb5-f58c-4b2e-8233-540f0dbac3ff" testId="0f4e2e70-6cb9-aba8-5c37-615beca3a96c" testName="RoadTripMap.Tests.Endpoints.ValidationTests.Caption_Over1000Chars_ShouldBeRejected" computerName="DESKTOP-8QN70SI" duration="00:00:00.0000861" startTime="2026-04-13T23:08:27.1716743-04:00" endTime="2026-04-13T23:08:27.1716744-04:00" testType="13cdc9d9-ddb5-4fa4-a97d-d965ccfc6d4b" outcome="Passed" testListId="8c84fa94-04c1-424b-9868-57a2d4851a1d" relativeResultsDirectory="5beeceb5-f58c-4b2e-8233-540f0dbac3ff" />
    <UnitTestResult executionId="bbac18e8-464a-4da9-8074-6d561ce268aa" testId="7eabcd2e-f6e1-9c55-d05b-5b73790593d4" testName="RoadTripMap.Tests.Services.PhotoServiceTests.SkiaSharp_CanDecodeAndReencodeImage" computerName="DESKTOP-8QN70SI" duration="00:00:00.0073226" startTime="2026-04-13T23:08:27.1216852-04:00" endTime="2026-04-13T23:08:27.1216852-04:00" testType="13cdc9d9-ddb5-4fa4-a97d-d965ccfc6d4b" outcome="Passed" testListId="8c84fa94-04c1-424b-9868-57a2d4851a1d" relativeResultsDirectory="bbac18e8-464a-4da9-8074-6d561ce268aa" />
    <UnitTestResult executionId="ebe3d6fe-b804-4581-94b0-e9ff5759587d" testId="f4854606-dfea-5568-4b96-d5b3934eb0d7" testName="RoadTripMap.Tests.Seeder.GeoJsonProcessorTests.FilterTinyPolygons_WithEmptyList_ReturnsEmpty" computerName="DESKTOP-8QN70SI" duration="00:00:00.0003394" startTime="2026-04-13T23:08:27.2535282-04:00" endTime="2026-04-13T23:08:27.2535283-04:00" testType="13cdc9d9-ddb5-4fa4-a97d-d965ccfc6d4b" outcome="Passed" testListId="8c84fa94-04c1-424b-9868-57a2d4851a1d" relativeResultsDirectory="ebe3d6fe-b804-4581-94b0-e9ff5759587d" />
    <UnitTestResult executionId="5d251cb5-f5ed-4c75-b6e1-03667e433bfc" testId="7f40021e-c7df-86e8-b736-609a32fae06b" testName="RoadTripMap.Tests.Seeder.PadUsImporterTests.ImportAsync_WithDuplicateSourceId_UpdatesExisting" computerName="DESKTOP-8QN70SI" duration="00:00:00.0021537" startTime="2026-04-13T23:08:27.2827832-04:00" endTime="2026-04-13T23:08:27.2827832-04:00" testType="13cdc9d9-ddb5-4fa4-a97d-d965ccfc6d4b" outcome="Passed" testListId="8c84fa94-04c1-424b-9868-57a2d4851a1d" relativeResultsDirectory="5d251cb5-f5ed-4c75-b6e1-03667e433bfc" />
    <UnitTestResult executionId="14614956-9a54-45e7-a042-39387fb96c90" testId="ffb2c85f-6f4f-ffdd-b164-fbc6722385a6" testName="RoadTripMap.Tests.Helpers.SlugHelperTests.GenerateSlug_ReturnsUrlFriendlySlug(input: &quot;Pacific---Coast&quot;, expected: &quot;pacific-coast&quot;)" computerName="DESKTOP-8QN70SI" duration="00:00:00.0000025" startTime="2026-04-13T23:08:27.1502814-04:00" endTime="2026-04-13T23:08:27.1502814-04:00" testType="13cdc9d9-ddb5-4fa4-a97d-d965ccfc6d4b" outcome="Passed" testListId="8c84fa94-04c1-424b-9868-57a2d4851a1d" relativeResultsDirectory="14614956-9a54-45e7-a042-39387fb96c90" />
    <UnitTestResult executionId="57ad5b7b-9ecd-4e32-8ebc-b46d36f44d43" testId="c94e40c9-2d1e-c5b5-2217-43770f27748c" testName="RoadTripMap.Tests.Seeder.GeoJsonProcessorRealWorldTests.SimplifyMultiPolygon_Chugach_AggressiveTolerance_ReducesPoints" computerName="DESKTOP-8QN70SI" duration="00:00:00.0120387" startTime="2026-04-13T23:08:26.5629264-04:00" endTime="2026-04-13T23:08:26.5629265-04:00" testType="13cdc9d9-ddb5-4fa4-a97d-d965ccfc6d4b" outcome="Passed" testListId="8c84fa94-04c1-424b-9868-57a2d4851a1d" relativeResultsDirectory="57ad5b7b-9ecd-4e32-8ebc-b46d36f44d43" />
    <UnitTestResult executionId="6f47db88-e481-47a8-8129-1cb2e216a0c1" testId="4a53391a-b43b-b45e-3c8b-b778e4e5d393" testName="RoadTripMap.Tests.Endpoints.TripEndpointTests.CreateTrip_WithEmptyName_ShouldNotSucceed" computerName="DESKTOP-8QN70SI" duration="00:00:00.0009243" startTime="2026-04-13T23:08:27.1670581-04:00" endTime="2026-04-13T23:08:27.1670581-04:00" testType="13cdc9d9-ddb5-4fa4-a97d-d965ccfc6d4b" outcome="Passed" testListId="8c84fa94-04c1-424b-9868-57a2d4851a1d" relativeResultsDirectory="6f47db88-e481-47a8-8129-1cb2e216a0c1" />
    <UnitTestResult executionId="e32b65ce-063f-4b0e-8e39-17b95774e5ab" testId="5fd47481-9ba9-8a2d-097a-a98ad5f68e66" testName="RoadTripMap.Tests.Middleware.SecurityHeaderTests.GetHealth_ReturnsAllSecurityHeaders" computerName="DESKTOP-8QN70SI" duration="00:00:00.0221706" startTime="2026-04-13T23:08:29.5674437-04:00" endTime="2026-04-13T23:08:29.5674439-04:00" testType="13cdc9d9-ddb5-4fa4-a97d-d965ccfc6d4b" outcome="Passed" testListId="8c84fa94-04c1-424b-9868-57a2d4851a1d" relativeResultsDirectory="e32b65ce-063f-4b0e-8e39-17b95774e5ab" />
    <UnitTestResult executionId="408ae94d-f7d4-413a-b7ac-8594d0f5f6a6" testId="c51f957b-8424-4649-de60-a96a6ee66e58" testName="RoadTripMap.Tests.Endpoints.GeocodeEndpointTests.PhotoUpload_WithZeroCoordinates_SetsLocationNotSet" computerName="DESKTOP-8QN70SI" duration="00:00:00.0082312" startTime="2026-04-13T23:08:27.1282266-04:00" endTime="2026-04-13T23:08:27.1282266-04:00" testType="13cdc9d9-ddb5-4fa4-a97d-d965ccfc6d4b" outcome="Passed" testListId="8c84fa94-04c1-424b-9868-57a2d4851a1d" relativeResultsDirectory="408ae94d-f7d4-413a-b7ac-8594d0f5f6a6" />
    <UnitTestResult executionId="cc3fc5cc-bd02-49d0-ae19-2b19e158bebf" testId="fc8f4ebe-ae2d-545a-f963-a51d15c9a677" testName="RoadTripMap.Tests.Seeder.GeoJsonProcessorTests.ComputeCentroid_WithTwoDisjointSquares_ReturnsAverageOfAllCoordinates" computerName="DESKTOP-8QN70SI" duration="00:00:00.0002863" startTime="2026-04-13T23:08:27.2553191-04:00" endTime="2026-04-13T23:08:27.2553191-04:00" testType="13cdc9d9-ddb5-4fa4-a97d-d965ccfc6d4b" outcome="Passed" testListId="8c84fa94-04c1-424b-9868-57a2d4851a1d" relativeResultsDirectory="cc3fc5cc-bd02-49d0-ae19-2b19e158bebf" />
    <UnitTestResult executionId="1953fb3d-a2a3-4206-89b2-d85a674ffa0c" testId="755bbd26-5e45-72f8-45f1-7698cda44397" testName="RoadTripMap.Tests.Helpers.SlugHelperTests.GenerateUniqueSlugAsync_WithExistingSlug_AppendsSuffixNumber" computerName="DESKTOP-8QN70SI" duration="00:00:00.0026351" startTime="2026-04-13T23:08:27.1533796-04:00" endTime="2026-04-13T23:08:27.1533797-04:00" testType="13cdc9d9-ddb5-4fa4-a97d-d965ccfc6d4b" outcome="Passed" testListId="8c84fa94-04c1-424b-9868-57a2d4851a1d" relativeResultsDirectory="1953fb3d-a2a3-4206-89b2-d85a674ffa0c" />
    <UnitTestResult executionId="fcb04f94-c71f-4c71-b032-1138ca01dd73" testId="99874fac-ef5f-3df0-7262-0cd14f901729" testName="RoadTripMap.Tests.Endpoints.PoiEndpointTests.GetPoi_With250PoisInViewport_ReturnMaxOf200" computerName="DESKTOP-8QN70SI" duration="00:00:00.0631454" startTime="2026-04-13T23:08:30.6544296-04:00" endTime="2026-04-13T23:08:30.6544297-04:00" testType="13cdc9d9-ddb5-4fa4-a97d-d965ccfc6d4b" outcome="Passed" testListId="8c84fa94-04c1-424b-9868-57a2d4851a1d" relativeResultsDirectory="fcb04f94-c71f-4c71-b032-1138ca01dd73" />
    <UnitTestResult executionId="6aed708f-62c5-4f8a-87a0-a5f0dfed7df6" testId="79b80bc6-e9f5-05e0-29bd-f236ad983a4d" testName="RoadTripMap.Tests.Services.UploadRateLimiterTests.IsAllowed_UnderLimit_AllReturnsTrue" computerName="DESKTOP-8QN70SI" duration="00:00:00.0009194" startTime="2026-04-13T23:08:26.4115155-04:00" endTime="2026-04-13T23:08:26.4115155-04:00" testType="13cdc9d9-ddb5-4fa4-a97d-d965ccfc6d4b" outcome="Passed" testListId="8c84fa94-04c1-424b-9868-57a2d4851a1d" relativeResultsDirectory="6aed708f-62c5-4f8a-87a0-a5f0dfed7df6" />
    <UnitTestResult executionId="6aeca1e1-831d-40cb-8ce8-a9f9f1771ba0" testId="71f02008-315e-a726-7bd8-b961465d3f56" testName="RoadTripMap.Tests.Seeder.OverpassImporterTests.ImportAsync_WithNatureReserve_CreatesPoisWithNaturalFeatureCategory" computerName="DESKTOP-8QN70SI" duration="00:00:00.0013198" startTime="2026-04-13T23:08:27.2258732-04:00" endTime="2026-04-13T23:08:27.2258733-04:00" testType="13cdc9d9-ddb5-4fa4-a97d-d965ccfc6d4b" outcome="Passed" testListId="8c84fa94-04c1-424b-9868-57a2d4851a1d" relativeResultsDirectory="6aeca1e1-831d-40cb-8ce8-a9f9f1771ba0" />
    <UnitTestResult executionId="e7df2d8d-df0c-42ce-80f8-10eafa133e91" testId="13c084cb-af09-f525-c3f0-083317533a65" testName="RoadTripMap.Tests.Seeder.GeoJsonProcessorTests.SimplifyRing_WithPointFarFromLine_PreservesPoint" computerName="DESKTOP-8QN70SI" duration="00:00:00.0946001" startTime="2026-04-13T23:08:27.2490354-04:00" endTime="2026-04-13T23:08:27.2490355-04:00" testType="13cdc9d9-ddb5-4fa4-a97d-d965ccfc6d4b" outcome="Passed" testListId="8c84fa94-04c1-424b-9868-57a2d4851a1d" relativeResultsDirectory="e7df2d8d-df0c-42ce-80f8-10eafa133e91" />
    <UnitTestResult executionId="f866bdea-299c-4879-9c70-109324aceef4" testId="97d8a06a-14d4-220c-e653-ed61a5602ff7" testName="RoadTripMap.Tests.Endpoints.TripEndpointTests.CreateTrip_WithWhitespaceName_ShouldNotSucceed" computerName="DESKTOP-8QN70SI" duration="00:00:00.0002341" startTime="2026-04-13T23:08:27.1750740-04:00" endTime="2026-04-13T23:08:27.1750741-04:00" testType="13cdc9d9-ddb5-4fa4-a97d-d965ccfc6d4b" outcome="Passed" testListId="8c84fa94-04c1-424b-9868-57a2d4851a1d" relativeResultsDirectory="f866bdea-299c-4879-9c70-109324aceef4" />
    <UnitTestResult executionId="1d4ed13c-92b0-487c-8f5e-cad7d2da85e5" testId="a6436392-838a-4bd0-32b7-85f59188a934" testName="RoadTripMap.Tests.Endpoints.ParkBoundaryEndpointTests.GetParkBoundaries_WithDetailFull_ReturnsFullGeometry" computerName="DESKTOP-8QN70SI" duration="00:00:00.0479389" startTime="2026-04-13T23:08:30.0685686-04:00" endTime="2026-04-13T23:08:30.0685688-04:00" testType="13cdc9d9-ddb5-4fa4-a97d-d965ccfc6d4b" outcome="Passed" testListId="8c84fa94-04c1-424b-9868-57a2d4851a1d" relativeResultsDirectory="1d4ed13c-92b0-487c-8f5e-cad7d2da85e5" />
    <UnitTestResult executionId="9e68e218-d90e-41cb-bc37-719b17ce4154" testId="0e24a9a7-619b-f892-57d2-ea8da4954d47" testName="RoadTripMap.Tests.Services.GeocodingServiceTests.ReverseGeocodeAsync_RoundsCoordinatesForCache" computerName="DESKTOP-8QN70SI" duration="00:00:00.0071178" startTime="2026-04-13T23:08:27.0943509-04:00" endTime="2026-04-13T23:08:27.0943510-04:00" testType="13cdc9d9-ddb5-4fa4-a97d-d965ccfc6d4b" outcome="Passed" testListId="8c84fa94-04c1-424b-9868-57a2d4851a1d" relativeResultsDirectory="9e68e218-d90e-41cb-bc37-719b17ce4154" />
    <UnitTestResult executionId="a695c306-88b3-4c40-9ec1-8ab401d54a30" testId="d57c6f85-af9e-0b63-573e-cd33ca601b05" testName="RoadTripMap.Tests.Endpoints.PoiEndpointTests.GetPoi_WithZoom8_ReturnsStateParksAndNaturalFeatures" computerName="DESKTOP-8QN70SI" duration="00:00:00.0254419" startTime="2026-04-13T23:08:30.4483538-04:00" endTime="2026-04-13T23:08:30.4483540-04:00" testType="13cdc9d9-ddb5-4fa4-a97d-d965ccfc6d4b" outcome="Passed" testListId="8c84fa94-04c1-424b-9868-57a2d4851a1d" relativeResultsDirectory="a695c306-88b3-4c40-9ec1-8ab401d54a30" />
    <UnitTestResult executionId="bf2367a8-ec6b-47c9-acdf-f756b8e0fa1e" testId="3073f53c-24a5-3f52-a9df-8eb485a63c00" testName="RoadTripMap.Tests.Seeder.GeoJsonProcessorTests.ComputeCentroid_WithEmptyPolygons_ReturnsZero" computerName="DESKTOP-8QN70SI" duration="00:00:00.0002440" startTime="2026-04-13T23:08:27.2527932-04:00" endTime="2026-04-13T23:08:27.2527933-04:00" testType="13cdc9d9-ddb5-4fa4-a97d-d965ccfc6d4b" outcome="Passed" testListId="8c84fa94-04c1-424b-9868-57a2d4851a1d" relativeResultsDirectory="bf2367a8-ec6b-47c9-acdf-f756b8e0fa1e" />
    <UnitTestResult executionId="6b774aea-a3dc-4f7e-88c3-40e4ababc811" testId="c0e3907d-d122-8b83-45a9-22d9cc878dcf" testName="RoadTripMap.Tests.Seeder.PadUsImporterTests.ImportAsync_WithMalformedJson_ThrowsInvalidOperationException" computerName="DESKTOP-8QN70SI" duration="00:00:00.0030180" startTime="2026-04-13T23:08:27.2517027-04:00" endTime="2026-04-13T23:08:27.2517028-04:00" testType="13cdc9d9-ddb5-4fa4-a97d-d965ccfc6d4b" outcome="Passed" testListId="8c84fa94-04c1-424b-9868-57a2d4851a1d" relativeResultsDirectory="6b774aea-a3dc-4f7e-88c3-40e4ababc811" />
    <UnitTestResult executionId="23d6f1d9-00e4-483a-a3f8-af135c0189ae" testId="1a68daad-79fb-bb3d-d401-19b8b24f1962" testName="RoadTripMap.Tests.Helpers.SlugHelperTests.GenerateSlug_ReturnsUrlFriendlySlug(input: &quot;---Leading&quot;, expected: &quot;leading&quot;)" computerName="DESKTOP-8QN70SI" duration="00:00:00.0000129" startTime="2026-04-13T23:08:27.1507179-04:00" endTime="2026-04-13T23:08:27.1507179-04:00" testType="13cdc9d9-ddb5-4fa4-a97d-d965ccfc6d4b" outcome="Passed" testListId="8c84fa94-04c1-424b-9868-57a2d4851a1d" relativeResultsDirectory="23d6f1d9-00e4-483a-a3f8-af135c0189ae" />
    <UnitTestResult executionId="55039240-842a-4f29-83e0-cbe96e7798f9" testId="9cfdc30f-1bca-3a63-b9b1-c30c299423f7" testName="RoadTripMap.Tests.Seeder.GeoJsonProcessorRealWorldTests.FilterTinyPolygons_ChenaRiver_SinglePolygonSurvives" computerName="DESKTOP-8QN70SI" duration="00:00:00.0004922" startTime="2026-04-13T23:08:26.6449543-04:00" endTime="2026-04-13T23:08:26.6449543-04:00" testType="13cdc9d9-ddb5-4fa4-a97d-d965ccfc6d4b" outcome="Passed" testListId="8c84fa94-04c1-424b-9868-57a2d4851a1d" relativeResultsDirectory="55039240-842a-4f29-83e0-cbe96e7798f9" />
    <UnitTestResult executionId="3f8cfd00-ed7b-499c-83ec-6d1e8e119034" testId="0791665d-79e9-8bba-1d5f-d846237dbf8c" testName="RoadTripMap.Tests.Endpoints.PoiEndpointTests.GetPoi_WithZoom10_ReturnsAllCategoriesExceptNationalPark" computerName="DESKTOP-8QN70SI" duration="00:00:00.0219386" startTime="2026-04-13T23:08:31.0228205-04:00" endTime="2026-04-13T23:08:31.0228206-04:00" testType="13cdc9d9-ddb5-4fa4-a97d-d965ccfc6d4b" outcome="Passed" testListId="8c84fa94-04c1-424b-9868-57a2d4851a1d" relativeResultsDirectory="3f8cfd00-ed7b-499c-83ec-6d1e8e119034" />
    <UnitTestResult executionId="cc104599-bc92-4aef-bb83-b63ef6b6a78f" testId="beae0471-505f-1118-d5e9-1d094cfbf9fe" testName="RoadTripMap.Tests.Seeder.GeoJsonProcessorTests.FilterTinyPolygons_WithLargeAndTinyPolygons_RemovesTiny" computerName="DESKTOP-8QN70SI" duration="00:00:00.0003500" startTime="2026-04-13T23:08:27.2564709-04:00" endTime="2026-04-13T23:08:27.2564709-04:00" testType="13cdc9d9-ddb5-4fa4-a97d-d965ccfc6d4b" outcome="Passed" testListId="8c84fa94-04c1-424b-9868-57a2d4851a1d" relativeResultsDirectory="cc104599-bc92-4aef-bb83-b63ef6b6a78f" />
    <UnitTestResult executionId="828dd7cf-dbc8-4c7d-ac6f-2e4a00007c97" testId="849f3bb3-2378-7961-75d8-9eeadd52297e" testName="RoadTripMap.Tests.Endpoints.PoiEndpointTests.GetPoi_WithZoom9_ReturnsAllCategoriesExceptNationalPark" computerName="DESKTOP-8QN70SI" duration="00:00:00.0216818" startTime="2026-04-13T23:08:30.7843334-04:00" endTime="2026-04-13T23:08:30.7843336-04:00" testType="13cdc9d9-ddb5-4fa4-a97d-d965ccfc6d4b" outcome="Passed" testListId="8c84fa94-04c1-424b-9868-57a2d4851a1d" relativeResultsDirectory="828dd7cf-dbc8-4c7d-ac6f-2e4a00007c97" />
    <UnitTestResult executionId="f0b3ef27-6d07-4b67-af56-d759746ef8e0" testId="3181927a-d3e9-b34d-4bb8-943f3c0c74e8" testName="RoadTripMap.Tests.Endpoints.PoiEndpointTests.GetPoi_WithInvalidLongitudeRange_Returns400" computerName="DESKTOP-8QN70SI" duration="00:00:00.0184989" startTime="2026-04-13T23:08:30.8178798-04:00" endTime="2026-04-13T23:08:30.8178799-04:00" testType="13cdc9d9-ddb5-4fa4-a97d-d965ccfc6d4b" outcome="Passed" testListId="8c84fa94-04c1-424b-9868-57a2d4851a1d" relativeResultsDirectory="f0b3ef27-6d07-4b67-af56-d759746ef8e0" />
    <UnitTestResult executionId="6bc4b253-10a5-4598-bc06-eb57a866a513" testId="31db9ac7-907c-4e75-efb3-4f3118d71f1d" testName="RoadTripMap.Tests.Endpoints.IntegrationTests.CreateTrip_WithEmptyName_FailsValidation" computerName="DESKTOP-8QN70SI" duration="00:00:00.0002385" startTime="2026-04-13T23:08:27.1259558-04:00" endTime="2026-04-13T23:08:27.1259558-04:00" testType="13cdc9d9-ddb5-4fa4-a97d-d965ccfc6d4b" outcome="Passed" testListId="8c84fa94-04c1-424b-9868-57a2d4851a1d" relativeResultsDirectory="6bc4b253-10a5-4598-bc06-eb57a866a513" />
    <UnitTestResult executionId="0ecb237a-8d05-457e-8c92-4a4cf85dadf9" testId="ea4399a1-f3c1-a899-4813-941c5b0ec8e4" testName="RoadTripMap.Tests.Seeder.GeoJsonProcessorRealWorldTests.BuildGeoJson_ValleyOfFire_ProducesValidMultiPolygonJson" computerName="DESKTOP-8QN70SI" duration="00:00:00.0014248" startTime="2026-04-13T23:08:26.6294697-04:00" endTime="2026-04-13T23:08:26.6294697-04:00" testType="13cdc9d9-ddb5-4fa4-a97d-d965ccfc6d4b" outcome="Passed" testListId="8c84fa94-04c1-424b-9868-57a2d4851a1d" relativeResultsDirectory="0ecb237a-8d05-457e-8c92-4a4cf85dadf9" />
    <UnitTestResult executionId="fd50fbed-ffe8-439f-b61e-03c5c68cd110" testId="73bfc45c-228c-e20d-eafb-ee8c5cf529b7" testName="RoadTripMap.Tests.Services.UploadRateLimiterTests.IsAllowed_AfterExpiry_AllowsNewUploads" computerName="DESKTOP-8QN70SI" duration="00:00:00.0007057" startTime="2026-04-13T23:08:26.4115376-04:00" endTime="2026-04-13T23:08:26.4115376-04:00" testType="13cdc9d9-ddb5-4fa4-a97d-d965ccfc6d4b" outcome="Passed" testListId="8c84fa94-04c1-424b-9868-57a2d4851a1d" relativeResultsDirectory="fd50fbed-ffe8-439f-b61e-03c5c68cd110" />
    <UnitTestResult executionId="063c9d13-3bb2-4aba-8e94-4ac31545ac40" testId="7738e5b3-17f2-e8cf-a3b0-757765061cef" testName="RoadTripMap.Tests.Endpoints.IntegrationTests.UploadPhoto_WithPngContentType_PassesImageCheck" computerName="DESKTOP-8QN70SI" duration="00:00:00.0083529" startTime="2026-04-13T23:08:26.4622307-04:00" endTime="2026-04-13T23:08:26.4622308-04:00" testType="13cdc9d9-ddb5-4fa4-a97d-d965ccfc6d4b" outcome="Passed" testListId="8c84fa94-04c1-424b-9868-57a2d4851a1d" relativeResultsDirectory="063c9d13-3bb2-4aba-8e94-4ac31545ac40" />
    <UnitTestResult executionId="0e3a6357-d9d2-469d-b605-c468dc07ba51" testId="e3df3699-6153-bd5c-decb-05be9d77b657" testName="RoadTripMap.Tests.Seeder.PadUsBoundaryImporterErrorTests.ImportAsync_CountReturnsInvalidJson_ThrowsJsonException" computerName="DESKTOP-8QN70SI" duration="00:00:00.0012256" startTime="2026-04-13T23:08:35.2181885-04:00" endTime="2026-04-13T23:08:35.2181886-04:00" testType="13cdc9d9-ddb5-4fa4-a97d-d965ccfc6d4b" outcome="Passed" testListId="8c84fa94-04c1-424b-9868-57a2d4851a1d" relativeResultsDirectory="0e3a6357-d9d2-469d-b605-c468dc07ba51" />
    <UnitTestResult executionId="a589f92f-0ef9-43a1-b1bc-8502223ff2c4" testId="a95df570-6766-3116-2b15-bc11167ef58a" testName="RoadTripMap.Tests.Helpers.SlugHelperTests.GenerateUniqueSlugAsync_WithNonExistingSlug_ReturnsSameSlug" computerName="DESKTOP-8QN70SI" duration="00:00:00.0019937" startTime="2026-04-13T23:08:27.1498771-04:00" endTime="2026-04-13T23:08:27.1498772-04:00" testType="13cdc9d9-ddb5-4fa4-a97d-d965ccfc6d4b" outcome="Passed" testListId="8c84fa94-04c1-424b-9868-57a2d4851a1d" relativeResultsDirectory="a589f92f-0ef9-43a1-b1bc-8502223ff2c4" />
    <UnitTestResult executionId="6fda894f-6bdd-4a70-a1ae-4656ee32825f" testId="5d296907-3a50-f85b-8347-4d9aba4a4313" testName="RoadTripMap.Tests.Seeder.GeoJsonProcessorRealWorldTests.ComputeThreeDetailLevels_ChenaRiver_DetailLevelsOrderedDescending" computerName="DESKTOP-8QN70SI" duration="00:00:00.0095576" startTime="2026-04-13T23:08:26.5756444-04:00" endTime="2026-04-13T23:08:26.5756444-04:00" testType="13cdc9d9-ddb5-4fa4-a97d-d965ccfc6d4b" outcome="Passed" testListId="8c84fa94-04c1-424b-9868-57a2d4851a1d" relativeResultsDirectory="6fda894f-6bdd-4a70-a1ae-4656ee32825f" />
    <UnitTestResult executionId="0ab5b4fb-6326-4f58-9a62-27f0b6128833" testId="114df6f6-ec25-fb4b-0e53-df1940e5de8e" testName="RoadTripMap.Tests.Seeder.PadUsBoundaryImporterErrorTests.ImportAsync_FeaturesEndpointReturns500_ThrowsHttpRequestException" computerName="DESKTOP-8QN70SI" duration="00:00:00.0017639" startTime="2026-04-13T23:08:35.2143418-04:00" endTime="2026-04-13T23:08:35.2143419-04:00" testType="13cdc9d9-ddb5-4fa4-a97d-d965ccfc6d4b" outcome="Passed" testListId="8c84fa94-04c1-424b-9868-57a2d4851a1d" relativeResultsDirectory="0ab5b4fb-6326-4f58-9a62-27f0b6128833" />
    <UnitTestResult executionId="19763abd-5d84-45c5-95fb-b579d0637d18" testId="1d417653-316d-d03c-d0ba-7bc804e8267d" testName="RoadTripMap.Tests.Endpoints.PhotoEndpointTests.GetPhotosEndpoint_WithNullTakenAt_SortsNullsLast" computerName="DESKTOP-8QN70SI" duration="00:00:00.0157714" startTime="2026-04-13T23:08:30.2956150-04:00" endTime="2026-04-13T23:08:30.2956151-04:00" testType="13cdc9d9-ddb5-4fa4-a97d-d965ccfc6d4b" outcome="Failed" testListId="8c84fa94-04c1-424b-9868-57a2d4851a1d" relativeResultsDirectory="19763abd-5d84-45c5-95fb-b579d0637d18">
      <Output>
        <ErrorInfo>
          <Message>Microsoft.EntityFrameworkCore.DbUpdateException : An error occurred while saving the entity changes. See the inner exception for details.
---- Microsoft.Data.Sqlite.SqliteException : SQLite Error 1: 'unknown function: GETUTCDATE()'.</Message>
          <StackTrace>   at Microsoft.EntityFrameworkCore.Update.ReaderModificationCommandBatch.ExecuteAsync(IRelationalConnection connection, CancellationToken cancellationToken)
   at Microsoft.EntityFrameworkCore.Update.Internal.BatchExecutor.ExecuteAsync(IEnumerable`1 commandBatches, IRelationalConnection connection, CancellationToken cancellationToken)
   at Microsoft.EntityFrameworkCore.Update.Internal.BatchExecutor.ExecuteAsync(IEnumerable`1 commandBatches, IRelationalConnection connection, CancellationToken cancellationToken)
   at Microsoft.EntityFrameworkCore.Update.Internal.BatchExecutor.ExecuteAsync(IEnumerable`1 commandBatches, IRelationalConnection connection, CancellationToken cancellationToken)
   at Microsoft.EntityFrameworkCore.ChangeTracking.Internal.StateManager.SaveChangesAsync(IList`1 entriesToSave, CancellationToken cancellationToken)
   at Microsoft.EntityFrameworkCore.ChangeTracking.Internal.StateManager.SaveChangesAsync(StateManager stateManager, Boolean acceptAllChangesOnSuccess, CancellationToken cancellationToken)
   at Microsoft.EntityFrameworkCore.DbContext.SaveChangesAsync(Boolean acceptAllChangesOnSuccess, CancellationToken cancellationToken)
   at Microsoft.EntityFrameworkCore.DbContext.SaveChangesAsync(Boolean acceptAllChangesOnSuccess, CancellationToken cancellationToken)
   at RoadTripMap.Tests.Endpoints.PhotoEndpointTests.GetPhotosEndpoint_WithNullTakenAt_SortsNullsLast() in /home/patrick/projects/road-trip/tests/RoadTripMap.Tests/Endpoints/PhotoEndpointTests.cs:line 691
--- End of stack trace from previous location ---
----- Inner Stack Trace -----
   at Microsoft.Data.Sqlite.SqliteException.ThrowExceptionForRC(Int32 rc, sqlite3 db)
   at Microsoft.Data.Sqlite.SqliteCommand.PrepareAndEnumerateStatements()+MoveNext()
   at Microsoft.Data.Sqlite.SqliteCommand.GetStatements()+MoveNext()
   at Microsoft.Data.Sqlite.SqliteDataReader.NextResult()
   at Microsoft.Data.Sqlite.SqliteCommand.ExecuteReader(CommandBehavior behavior)
   at Microsoft.Data.Sqlite.SqliteCommand.ExecuteReaderAsync(CommandBehavior behavior, CancellationToken cancellationToken)
   at Microsoft.Data.Sqlite.SqliteCommand.ExecuteDbDataReaderAsync(CommandBehavior behavior, CancellationToken cancellationToken)
   at Microsoft.EntityFrameworkCore.Storage.RelationalCommand.ExecuteReaderAsync(RelationalCommandParameterObject parameterObject, CancellationToken cancellationToken)
   at Microsoft.EntityFrameworkCore.Storage.RelationalCommand.ExecuteReaderAsync(RelationalCommandParameterObject parameterObject, CancellationToken cancellationToken)
   at Microsoft.EntityFrameworkCore.Update.ReaderModificationCommandBatch.ExecuteAsync(IRelationalConnection connection, CancellationToken cancellationToken)</StackTrace>
        </ErrorInfo>
      </Output>
    </UnitTestResult>
    <UnitTestResult executionId="cf1a36fd-300d-4be6-9228-8f672c347348" testId="0e424b1c-0f3e-ce42-a02b-adab89cb32ba" testName="RoadTripMap.Tests.Endpoints.PoiEndpointTests.GetPoi_WithNoPoisInViewport_ReturnsEmptyList" computerName="DESKTOP-8QN70SI" duration="00:00:00.0205155" startTime="2026-04-13T23:08:30.9192174-04:00" endTime="2026-04-13T23:08:30.9192176-04:00" testType="13cdc9d9-ddb5-4fa4-a97d-d965ccfc6d4b" outcome="Passed" testListId="8c84fa94-04c1-424b-9868-57a2d4851a1d" relativeResultsDirectory="cf1a36fd-300d-4be6-9228-8f672c347348" />
    <UnitTestResult executionId="04cc14b7-5369-4fea-99d7-2c2757b59021" testId="8fb5ba43-ccbe-3f3c-1f0f-0e9e2deed1c6" testName="RoadTripMap.Tests.Endpoints.PoiEndpointTests.GetPoi_WithZoom12_ReturnsAllCategoriesExceptNationalPark" computerName="DESKTOP-8QN70SI" duration="00:00:00.0202484" startTime="2026-04-13T23:08:30.4810898-04:00" endTime="2026-04-13T23:08:30.4810899-04:00" testType="13cdc9d9-ddb5-4fa4-a97d-d965ccfc6d4b" outcome="Passed" testListId="8c84fa94-04c1-424b-9868-57a2d4851a1d" relativeResultsDirectory="04cc14b7-5369-4fea-99d7-2c2757b59021" />
    <UnitTestResult executionId="fb45bf18-e41f-47e0-b2f4-fd5b763daf42" testId="ed8a13e5-cc59-ce6d-aed6-c42dd657b33f" testName="RoadTripMap.Tests.Helpers.SlugHelperTests.GenerateSlug_WithSpecialCharacters_RemovesThemAndReplacesWithHyphens" computerName="DESKTOP-8QN70SI" duration="00:00:00.0000870" startTime="2026-04-13T23:08:27.1551685-04:00" endTime="2026-04-13T23:08:27.1551686-04:00" testType="13cdc9d9-ddb5-4fa4-a97d-d965ccfc6d4b" outcome="Passed" testListId="8c84fa94-04c1-424b-9868-57a2d4851a1d" relativeResultsDirectory="fb45bf18-e41f-47e0-b2f4-fd5b763daf42" />
    <UnitTestResult executionId="c257123b-8129-43b0-a53a-dca85e07fc8b" testId="fe0c4383-abfd-d64e-daa7-f709a76c0655" testName="RoadTripMap.Tests.Endpoints.ParkBoundaryEndpointTests.GetParkBoundaries_WithMissingMinLat_Returns400" computerName="DESKTOP-8QN70SI" duration="00:00:00.0197600" startTime="2026-04-13T23:08:29.8170254-04:00" endTime="2026-04-13T23:08:29.8170255-04:00" testType="13cdc9d9-ddb5-4fa4-a97d-d965ccfc6d4b" outcome="Passed" testListId="8c84fa94-04c1-424b-9868-57a2d4851a1d" relativeResultsDirectory="c257123b-8129-43b0-a53a-dca85e07fc8b" />
    <UnitTestResult executionId="a8b1cb52-b7ec-43ab-ae46-73cf12ea2f65" testId="7b493da5-ea33-527c-074e-153d6a1dd1e9" testName="RoadTripMap.Tests.Seeder.DeduplicatorTests.DeduplicateAsync_WithNoDuplicates_ReturnsZeroDeleted" computerName="DESKTOP-8QN70SI" duration="00:00:00.0022363" startTime="2026-04-13T23:08:27.1029723-04:00" endTime="2026-04-13T23:08:27.1029724-04:00" testType="13cdc9d9-ddb5-4fa4-a97d-d965ccfc6d4b" outcome="Passed" testListId="8c84fa94-04c1-424b-9868-57a2d4851a1d" relativeResultsDirectory="a8b1cb52-b7ec-43ab-ae46-73cf12ea2f65" />
    <UnitTestResult executionId="05ed0bb4-6456-42a0-a3dd-77022c53b3ac" testId="bf010c15-ec3f-5914-d8f9-45c3005fc4b0" testName="RoadTripMap.Tests.Endpoints.ParkBoundaryEndpointTests.GetParkBoundaries_WithNegativeZoom_Returns400" computerName="DESKTOP-8QN70SI" duration="00:00:00.0198519" startTime="2026-04-13T23:08:29.7830939-04:00" endTime="2026-04-13T23:08:29.7830941-04:00" testType="13cdc9d9-ddb5-4fa4-a97d-d965ccfc6d4b" outcome="Passed" testListId="8c84fa94-04c1-424b-9868-57a2d4851a1d" relativeResultsDirectory="05ed0bb4-6456-42a0-a3dd-77022c53b3ac" />
    <UnitTestResult executionId="d269b93a-1337-4726-90f0-e88ec2648f34" testId="4b90ab42-4723-7ef2-e515-b16cf8b1905d" testName="RoadTripMap.Tests.Middleware.SecurityHeaderTests.GetHealth_ReturnsXRobotsTagHeader" computerName="DESKTOP-8QN70SI" duration="00:00:00.0196816" startTime="2026-04-13T23:08:29.6001547-04:00" endTime="2026-04-13T23:08:29.6001549-04:00" testType="13cdc9d9-ddb5-4fa4-a97d-d965ccfc6d4b" outcome="Passed" testListId="8c84fa94-04c1-424b-9868-57a2d4851a1d" relativeResultsDirectory="d269b93a-1337-4726-90f0-e88ec2648f34" />
    <UnitTestResult executionId="5f23ebf7-8cfa-421c-b5c4-bad818b92346" testId="781a5f58-b032-e73d-13c6-9d747cb4702f" testName="RoadTripMap.Tests.Seeder.DeduplicatorTests.DeduplicateAsync_WithSubstringMatchingNames_IdentifiesDuplicates" computerName="DESKTOP-8QN70SI" duration="00:00:00.0009470" startTime="2026-04-13T23:08:27.1200499-04:00" endTime="2026-04-13T23:08:27.1200499-04:00" testType="13cdc9d9-ddb5-4fa4-a97d-d965ccfc6d4b" outcome="Passed" testListId="8c84fa94-04c1-424b-9868-57a2d4851a1d" relativeResultsDirectory="5f23ebf7-8cfa-421c-b5c4-bad818b92346" />
    <UnitTestResult executionId="c18199d5-31ce-4920-ad68-93ec76f0acd2" testId="eed45db9-c1f5-8a19-6d8d-19d401129199" testName="RoadTripMap.Tests.Seeder.DeduplicatorTests.DeduplicateAsync_WithMultipleGroupsAtDifferentLocations_DeduplicatesEachGroup" computerName="DESKTOP-8QN70SI" duration="00:00:00.0116703" startTime="2026-04-13T23:08:27.1146884-04:00" endTime="2026-04-13T23:08:27.1146885-04:00" testType="13cdc9d9-ddb5-4fa4-a97d-d965ccfc6d4b" outcome="Passed" testListId="8c84fa94-04c1-424b-9868-57a2d4851a1d" relativeResultsDirectory="c18199d5-31ce-4920-ad68-93ec76f0acd2" />
    <UnitTestResult executionId="5b0e0178-644f-4529-b922-975e83a1c869" testId="494131f9-6ca2-9117-2af0-f911a5c49a06" testName="RoadTripMap.Tests.Middleware.SecurityHeaderTests.UnknownViewToken_RejectsInvalidFormat" computerName="DESKTOP-8QN70SI" duration="00:00:00.0668551" startTime="2026-04-13T23:08:29.3708123-04:00" endTime="2026-04-13T23:08:29.3708124-04:00" testType="13cdc9d9-ddb5-4fa4-a97d-d965ccfc6d4b" outcome="Passed" testListId="8c84fa94-04c1-424b-9868-57a2d4851a1d" relativeResultsDirectory="5b0e0178-644f-4529-b922-975e83a1c869" />
    <UnitTestResult executionId="7d5edc5d-bfa9-4ead-8237-8aa47f5824db" testId="ba3cb231-8ec4-8cd1-bf27-2f28c5d93440" testName="RoadTripMap.Tests.Helpers.SlugHelperTests.GenerateSlug_WithSpecialCharsOnly_ReturnsEmpty" computerName="DESKTOP-8QN70SI" duration="00:00:00.0000769" startTime="2026-04-13T23:08:27.1534242-04:00" endTime="2026-04-13T23:08:27.1534242-04:00" testType="13cdc9d9-ddb5-4fa4-a97d-d965ccfc6d4b" outcome="Passed" testListId="8c84fa94-04c1-424b-9868-57a2d4851a1d" relativeResultsDirectory="7d5edc5d-bfa9-4ead-8237-8aa47f5824db" />
    <UnitTestResult executionId="45399dd3-8288-4e90-9bc1-4d6a60682390" testId="74ffe71d-48bb-641f-2827-8159bab77d59" testName="RoadTripMap.Tests.Endpoints.PhotoEndpointTests.PhotoUploadRequest_WithValidToken_Succeeds" computerName="DESKTOP-8QN70SI" duration="00:00:00.0011650" startTime="2026-04-13T23:08:30.2002732-04:00" endTime="2026-04-13T23:08:30.2002732-04:00" testType="13cdc9d9-ddb5-4fa4-a97d-d965ccfc6d4b" outcome="Passed" testListId="8c84fa94-04c1-424b-9868-57a2d4851a1d" relativeResultsDirectory="45399dd3-8288-4e90-9bc1-4d6a60682390" />
    <UnitTestResult executionId="5d43baac-3898-4dfc-bc13-8badbfec8363" testId="70f048ae-0c24-cd98-e31f-d41b4762c4d3" testName="RoadTripMap.Tests.Seeder.GeoJsonProcessorTests.ComputeBbox_WithMultiplePolygons_ReturnsCombinedBounds" computerName="DESKTOP-8QN70SI" duration="00:00:00.0003753" startTime="2026-04-13T23:08:27.2557411-04:00" endTime="2026-04-13T23:08:27.2557411-04:00" testType="13cdc9d9-ddb5-4fa4-a97d-d965ccfc6d4b" outcome="Passed" testListId="8c84fa94-04c1-424b-9868-57a2d4851a1d" relativeResultsDirectory="5d43baac-3898-4dfc-bc13-8badbfec8363" />
    <UnitTestResult executionId="1d11cb43-0ae7-4399-9ad5-b4ebf38ea10f" testId="86fc31ed-56f2-099a-dd6a-d808f29aba37" testName="RoadTripMap.Tests.Endpoints.TripViewEndpointTests.GetTripInfo_WithValidSlug_ReturnsTripData" computerName="DESKTOP-8QN70SI" duration="00:00:00.0062616" startTime="2026-04-13T23:08:27.1483871-04:00" endTime="2026-04-13T23:08:27.1483872-04:00" testType="13cdc9d9-ddb5-4fa4-a97d-d965ccfc6d4b" outcome="Passed" testListId="8c84fa94-04c1-424b-9868-57a2d4851a1d" relativeResultsDirectory="1d11cb43-0ae7-4399-9ad5-b4ebf38ea10f" />
    <UnitTestResult executionId="69864457-2e27-4860-b016-424dce722f48" testId="fa3ff1ba-e494-9161-9c96-56b8d9c1bd03" testName="RoadTripMap.Tests.Endpoints.ValidationTests.Slug_Over200Chars_ShouldBeRejected" computerName="DESKTOP-8QN70SI" duration="00:00:00.0000776" startTime="2026-04-13T23:08:27.1717941-04:00" endTime="2026-04-13T23:08:27.1717942-04:00" testType="13cdc9d9-ddb5-4fa4-a97d-d965ccfc6d4b" outcome="Passed" testListId="8c84fa94-04c1-424b-9868-57a2d4851a1d" relativeResultsDirectory="69864457-2e27-4860-b016-424dce722f48" />
    <UnitTestResult executionId="90c59c38-9e89-4f2f-9513-9bae1c02e696" testId="f2749b3d-0dde-6750-1086-d8d74637130f" testName="RoadTripMap.Tests.EndpointRegistryTests.Resolve_UnknownEndpoint_ThrowsWithAvailableEndpoints" computerName="DESKTOP-8QN70SI" duration="00:00:00.0009106" startTime="2026-04-13T23:08:28.9895819-04:00" endTime="2026-04-13T23:08:28.9895820-04:00" testType="13cdc9d9-ddb5-4fa4-a97d-d965ccfc6d4b" outcome="Passed" testListId="8c84fa94-04c1-424b-9868-57a2d4851a1d" relativeResultsDirectory="90c59c38-9e89-4f2f-9513-9bae1c02e696" />
    <UnitTestResult executionId="20fbc5d9-382c-481f-965d-b7adcde1c536" testId="fc0640b0-3db6-d419-b944-27445aed15b7" testName="RoadTripMap.Tests.Seeder.PadUsImporterTests.ImportAsync_WithMultipleFeatures_CreatesMultiplePois" computerName="DESKTOP-8QN70SI" duration="00:00:00.0027819" startTime="2026-04-13T23:08:27.2681152-04:00" endTime="2026-04-13T23:08:27.2681153-04:00" testType="13cdc9d9-ddb5-4fa4-a97d-d965ccfc6d4b" outcome="Passed" testListId="8c84fa94-04c1-424b-9868-57a2d4851a1d" relativeResultsDirectory="20fbc5d9-382c-481f-965d-b7adcde1c536" />
    <UnitTestResult executionId="c5383019-0ee6-4adc-a862-b197fd038591" testId="3f388919-78fe-b0fe-e2b0-fc662d9f4c1a" testName="RoadTripMap.Tests.Services.SecretTokenAuthStrategyTests.ValidatePostAccess_WithMismatchingSecretToken_ReturnsUnauthorized" computerName="DESKTOP-8QN70SI" duration="00:00:00.0011751" startTime="2026-04-13T23:08:27.2828771-04:00" endTime="2026-04-13T23:08:27.2828771-04:00" testType="13cdc9d9-ddb5-4fa4-a97d-d965ccfc6d4b" outcome="Passed" testListId="8c84fa94-04c1-424b-9868-57a2d4851a1d" relativeResultsDirectory="c5383019-0ee6-4adc-a862-b197fd038591" />
    <UnitTestResult executionId="ba3010f6-1dae-404f-adf9-e38c6516c559" testId="5cd57283-85fd-5130-d664-982cf8482835" testName="RoadTripMap.Tests.Seeder.GeoJsonProcessorRealWorldTests.ComputeThreeDetailLevels_ValleyOfFire_DetailLevelsOrderedDescending" computerName="DESKTOP-8QN70SI" duration="00:00:00.0600412" startTime="2026-04-13T23:08:26.5513576-04:00" endTime="2026-04-13T23:08:26.5513577-04:00" testType="13cdc9d9-ddb5-4fa4-a97d-d965ccfc6d4b" outcome="Passed" testListId="8c84fa94-04c1-424b-9868-57a2d4851a1d" relativeResultsDirectory="ba3010f6-1dae-404f-adf9-e38c6516c559" />
    <UnitTestResult executionId="5045303c-534a-4322-a412-e59502fe0744" testId="0ac516de-0737-e82f-c1fe-a730f056d27d" testName="RoadTripMap.Tests.Services.PhotoServiceTests.PhotoUploadResult_IsRecord" computerName="DESKTOP-8QN70SI" duration="00:00:00.0005040" startTime="2026-04-13T23:08:27.2330248-04:00" endTime="2026-04-13T23:08:27.2330249-04:00" testType="13cdc9d9-ddb5-4fa4-a97d-d965ccfc6d4b" outcome="Passed" testListId="8c84fa94-04c1-424b-9868-57a2d4851a1d" relativeResultsDirectory="5045303c-534a-4322-a412-e59502fe0744" />
    <UnitTestResult executionId="d0568551-107a-43b5-9f1b-5e10eeb32ddb" testId="f1b5053d-3a1c-e9c4-d5a2-44ff631b75bb" testName="RoadTripMap.Tests.Services.SecretTokenAuthStrategyTests.ValidatePostAccess_WithEmptySecretToken_ReturnsUnauthorized" computerName="DESKTOP-8QN70SI" duration="00:00:00.0005073" startTime="2026-04-13T23:08:27.2828942-04:00" endTime="2026-04-13T23:08:27.2828943-04:00" testType="13cdc9d9-ddb5-4fa4-a97d-d965ccfc6d4b" outcome="Passed" testListId="8c84fa94-04c1-424b-9868-57a2d4851a1d" relativeResultsDirectory="d0568551-107a-43b5-9f1b-5e10eeb32ddb" />
    <UnitTestResult executionId="1b9d44ae-b85a-4443-a762-3e6e44653b06" testId="c2f04122-aa74-f8df-29c2-16d0fcf65e13" testName="RoadTripMap.Tests.Services.GeocodingServiceTests.ReverseGeocodeAsync_CachesResult_PreventsSecondHttpCall" computerName="DESKTOP-8QN70SI" duration="00:00:00.0016873" startTime="2026-04-13T23:08:27.1119016-04:00" endTime="2026-04-13T23:08:27.1119017-04:00" testType="13cdc9d9-ddb5-4fa4-a97d-d965ccfc6d4b" outcome="Passed" testListId="8c84fa94-04c1-424b-9868-57a2d4851a1d" relativeResultsDirectory="1b9d44ae-b85a-4443-a762-3e6e44653b06" />
    <UnitTestResult executionId="d5818763-bb2f-4bda-98a2-fd2519d7b0e4" testId="264bc23c-9c20-9413-aef4-bef7c231941e" testName="RoadTripMap.Tests.Services.PhotoServiceTests.PhotoService_ImplementsIPhotoService" computerName="DESKTOP-8QN70SI" duration="00:00:00.0974822" startTime="2026-04-13T23:08:27.2194982-04:00" endTime="2026-04-13T23:08:27.2194983-04:00" testType="13cdc9d9-ddb5-4fa4-a97d-d965ccfc6d4b" outcome="Passed" testListId="8c84fa94-04c1-424b-9868-57a2d4851a1d" relativeResultsDirectory="d5818763-bb2f-4bda-98a2-fd2519d7b0e4" />
    <UnitTestResult executionId="5a3556e3-15b5-4d7e-8337-218a0b7e17c5" testId="6ad3b7bc-9533-639b-9315-1553a99ca7bf" testName="RoadTripMap.Tests.Endpoints.PhotoEndpointTests.GetPhotosEndpoint_WithEmptyTrip_ReturnsEmptyArray" computerName="DESKTOP-8QN70SI" duration="00:00:00.0051597" startTime="2026-04-13T23:08:30.2054949-04:00" endTime="2026-04-13T23:08:30.2054951-04:00" testType="13cdc9d9-ddb5-4fa4-a97d-d965ccfc6d4b" outcome="Passed" testListId="8c84fa94-04c1-424b-9868-57a2d4851a1d" relativeResultsDirectory="5a3556e3-15b5-4d7e-8337-218a0b7e17c5" />
    <UnitTestResult executionId="af1e5a0e-8683-444b-8d9c-ce1d22110836" testId="7a8f944d-74ac-44ed-d435-aa47d3b65654" testName="RoadTripMap.Tests.Endpoints.IntegrationTests.ReencodedJpeg_DoesNotContainExifMarkers" computerName="DESKTOP-8QN70SI" duration="00:00:00.0008567" startTime="2026-04-13T23:08:27.1285442-04:00" endTime="2026-04-13T23:08:27.1285443-04:00" testType="13cdc9d9-ddb5-4fa4-a97d-d965ccfc6d4b" outcome="Passed" testListId="8c84fa94-04c1-424b-9868-57a2d4851a1d" relativeResultsDirectory="af1e5a0e-8683-444b-8d9c-ce1d22110836" />
    <UnitTestResult executionId="f3cda148-237f-4c92-96ef-73f9544a2ad6" testId="a7a1c257-6187-9498-96e5-1f2d5e9e02a1" testName="RoadTripMap.Tests.Helpers.SlugHelperTests.GenerateSlug_ReturnsUrlFriendlySlug(input: &quot;Trailing---&quot;, expected: &quot;trailing&quot;)" computerName="DESKTOP-8QN70SI" duration="00:00:00.0000191" startTime="2026-04-13T23:08:27.1502663-04:00" endTime="2026-04-13T23:08:27.1502663-04:00" testType="13cdc9d9-ddb5-4fa4-a97d-d965ccfc6d4b" outcome="Passed" testListId="8c84fa94-04c1-424b-9868-57a2d4851a1d" relativeResultsDirectory="f3cda148-237f-4c92-96ef-73f9544a2ad6" />
    <UnitTestResult executionId="7daff5db-ffa2-4ef0-a701-920f28f04bf6" testId="0fefd3a2-761d-e41c-f698-a6de1f006500" testName="RoadTripMap.Tests.Services.PhotoServiceTests.PhotoService_Can_ProcessJpegImage" computerName="DESKTOP-8QN70SI" duration="00:00:00.0003435" startTime="2026-04-13T23:08:27.2353792-04:00" endTime="2026-04-13T23:08:27.2353792-04:00" testType="13cdc9d9-ddb5-4fa4-a97d-d965ccfc6d4b" outcome="Passed" testListId="8c84fa94-04c1-424b-9868-57a2d4851a1d" relativeResultsDirectory="7daff5db-ffa2-4ef0-a701-920f28f04bf6" />
    <UnitTestResult executionId="e91684fd-2514-412f-a5d5-453aa8f393e1" testId="c6b6a34b-918c-a81a-67aa-395e9b40e738" testName="RoadTripMap.Tests.Seeder.GeoJsonProcessorTests.ComputeCentroid_WithSimpleSquare_ReturnsCenterPoint" computerName="DESKTOP-8QN70SI" duration="00:00:00.0003278" startTime="2026-04-13T23:08:27.2526402-04:00" endTime="2026-04-13T23:08:27.2526402-04:00" testType="13cdc9d9-ddb5-4fa4-a97d-d965ccfc6d4b" outcome="Passed" testListId="8c84fa94-04c1-424b-9868-57a2d4851a1d" relativeResultsDirectory="e91684fd-2514-412f-a5d5-453aa8f393e1" />
    <UnitTestResult executionId="f134312e-379d-4b62-95f4-ccf13211fc54" testId="1d4cbbae-d8b3-8b45-d84c-858e44202de4" testName="RoadTripMap.Tests.EndpointRegistryTests.ValidateAll_AllEndpointsResolvable_DoesNotThrow" computerName="DESKTOP-8QN70SI" duration="00:00:00.0007471" startTime="2026-04-13T23:08:27.2648325-04:00" endTime="2026-04-13T23:08:27.2648326-04:00" testType="13cdc9d9-ddb5-4fa4-a97d-d965ccfc6d4b" outcome="Passed" testListId="8c84fa94-04c1-424b-9868-57a2d4851a1d" relativeResultsDirectory="f134312e-379d-4b62-95f4-ccf13211fc54" />
    <UnitTestResult executionId="f99001ec-d0be-4d7b-8893-d474dd0cfde3" testId="2b154bb6-5f45-5247-7dcb-18aab81f7aff" testName="RoadTripMap.Tests.Seeder.GeoJsonProcessorTests.SmoothRing_WithOneIteration_IncrementsPointsCorrectly" computerName="DESKTOP-8QN70SI" duration="00:00:00.0002744" startTime="2026-04-13T23:08:27.1552107-04:00" endTime="2026-04-13T23:08:27.1552108-04:00" testType="13cdc9d9-ddb5-4fa4-a97d-d965ccfc6d4b" outcome="Passed" testListId="8c84fa94-04c1-424b-9868-57a2d4851a1d" relativeResultsDirectory="f99001ec-d0be-4d7b-8893-d474dd0cfde3" />
    <UnitTestResult executionId="60fa0e77-7b98-48d4-ac33-09dc53b1ea47" testId="9f92a268-b25b-983f-305c-f41cf2569ac4" testName="RoadTripMap.Tests.Seeder.PadUsBoundaryImporterTests.ImportAsync_WithMultiPolygonGeometry_MergesAllPolygons" computerName="DESKTOP-8QN70SI" duration="00:00:00.0540212" startTime="2026-04-13T23:08:27.2636158-04:00" endTime="2026-04-13T23:08:27.2636159-04:00" testType="13cdc9d9-ddb5-4fa4-a97d-d965ccfc6d4b" outcome="Passed" testListId="8c84fa94-04c1-424b-9868-57a2d4851a1d" relativeResultsDirectory="60fa0e77-7b98-48d4-ac33-09dc53b1ea47" />
    <UnitTestResult executionId="2f43e27a-d3bb-4138-b0d0-b9e841b8858c" testId="5602c0ff-c756-a168-489e-b8f1603e6311" testName="RoadTripMap.Tests.Endpoints.TripViewEndpointTests.GetTripInfo_WithInvalidSlug_ReturnsNotFound" computerName="DESKTOP-8QN70SI" duration="00:00:00.0007207" startTime="2026-04-13T23:08:27.1364424-04:00" endTime="2026-04-13T23:08:27.1364424-04:00" testType="13cdc9d9-ddb5-4fa4-a97d-d965ccfc6d4b" outcome="Passed" testListId="8c84fa94-04c1-424b-9868-57a2d4851a1d" relativeResultsDirectory="2f43e27a-d3bb-4138-b0d0-b9e841b8858c" />
[...]
    <TestEntry testId="21e729b3-8b3d-f96b-65d7-6907fb651e12" executionId="5e2d008b-9519-4673-a813-258ae838aa9e" testListId="8c84fa94-04c1-424b-9868-57a2d4851a1d" />
    <TestEntry testId="94d15008-a4f1-e531-1553-9bd64a1c85fb" executionId="d5facf32-cdad-4ed7-8085-a4ab9344b133" testListId="8c84fa94-04c1-424b-9868-57a2d4851a1d" />
    <TestEntry testId="372ed8b7-1d40-b12f-c705-1758a77acff5" executionId="29edc9de-cedd-4897-bb50-b45af2bed81c" testListId="8c84fa94-04c1-424b-9868-57a2d4851a1d" />
    <TestEntry testId="3ebeafa9-8c92-7dc6-8b63-2103f20430b7" executionId="82130750-4d5f-4c41-84a1-2544f88863c5" testListId="8c84fa94-04c1-424b-9868-57a2d4851a1d" />
    <TestEntry testId="70893f77-b34b-945d-43af-2e29b6e3e845" executionId="8eeac053-7856-49f8-a5b3-7ff4de65c9cf" testListId="8c84fa94-04c1-424b-9868-57a2d4851a1d" />
    <TestEntry testId="caea925f-b9af-ddd9-ce05-b3ba057bd599" executionId="7f7693f8-d1d9-4e99-a9a0-fecd5d3d5033" testListId="8c84fa94-04c1-424b-9868-57a2d4851a1d" />
    <TestEntry testId="a18f63db-1964-97e3-6fd7-de6ad448a45e" executionId="d96e6315-7dfb-411a-90f4-cf172304182d" testListId="8c84fa94-04c1-424b-9868-57a2d4851a1d" />
    <TestEntry testId="abc4b06c-f82e-ef33-64d3-5bd6ae7b1873" executionId="7a9fba8c-f1db-4d9f-8679-3448dc40924a" testListId="8c84fa94-04c1-424b-9868-57a2d4851a1d" />
    <TestEntry testId="8b7449f0-be0a-a520-f5ea-49370d12aa72" executionId="8dc56ba4-9c2d-4317-afff-5d91e745eb4b" testListId="8c84fa94-04c1-424b-9868-57a2d4851a1d" />
    <TestEntry testId="46d5352c-3c34-60b3-1acd-13368202f61f" executionId="17d16d73-93b3-4b34-91df-8930c730561a" testListId="8c84fa94-04c1-424b-9868-57a2d4851a1d" />
    <TestEntry testId="92dc7b31-d58a-aede-ce75-5ea83190bae2" executionId="909e9d23-1f46-40a2-a130-7ea874e8209e" testListId="8c84fa94-04c1-424b-9868-57a2d4851a1d" />
    <TestEntry testId="6e966ba5-367b-4811-3bf4-75abf1f7ac17" executionId="49dfa4ec-47f7-49ff-bf9a-79e0da0c8318" testListId="8c84fa94-04c1-424b-9868-57a2d4851a1d" />
    <TestEntry testId="8da6fd81-37c3-5c06-254a-f5c45e629967" executionId="8ba74e29-b1fb-41fa-81f9-8562b7e267ec" testListId="8c84fa94-04c1-424b-9868-57a2d4851a1d" />
    <TestEntry testId="f0669c50-841f-34fd-b170-e9f65f1c1f6c" executionId="0b226910-00ff-408c-a23c-03f687b5c76d" testListId="8c84fa94-04c1-424b-9868-57a2d4851a1d" />
    <TestEntry testId="5e4b607b-d562-2de3-b9ce-1f49a64602cc" executionId="26e515e4-2c5d-4a59-a8e4-42227459891e" testListId="8c84fa94-04c1-424b-9868-57a2d4851a1d" />
    <TestEntry testId="8a988667-4703-5ae9-4301-47bd1d74256c" executionId="74748390-a641-4861-857e-ba81fea24144" testListId="8c84fa94-04c1-424b-9868-57a2d4851a1d" />
    <TestEntry testId="924d5c57-34f0-3d8f-85ae-35ca35946083" executionId="93796187-5401-44f3-a407-ffd92b99be6d" testListId="8c84fa94-04c1-424b-9868-57a2d4851a1d" />
    <TestEntry testId="30196746-54ce-f969-4f2f-67bc566cc097" executionId="7033f2a3-15c9-45aa-89cc-c6658b783472" testListId="8c84fa94-04c1-424b-9868-57a2d4851a1d" />
    <TestEntry testId="77f2d974-6c7a-5130-0123-94238750b76e" executionId="26f3efad-a981-4191-b225-b8fe6c7074d4" testListId="8c84fa94-04c1-424b-9868-57a2d4851a1d" />
    <TestEntry testId="61e03b8e-846a-7a6c-0600-320bb4f4692c" executionId="3a3718a3-5a07-4795-be2d-36967cb33610" testListId="8c84fa94-04c1-424b-9868-57a2d4851a1d" />
    <TestEntry testId="7434ec8d-88f4-575f-f493-3046be043884" executionId="220f7560-eb8d-49c8-a5b9-2b6b2ec2bcf9" testListId="8c84fa94-04c1-424b-9868-57a2d4851a1d" />
    <TestEntry testId="e20ea61f-82e6-8f41-6b4d-66f353167a01" executionId="cc7a0fbd-203e-4d12-a628-972f40b5eecc" testListId="8c84fa94-04c1-424b-9868-57a2d4851a1d" />
    <TestEntry testId="20a85d93-ccee-e9a7-a09d-246f6b904f2b" executionId="7049f378-0b73-4007-a53e-6b7e60b91583" testListId="8c84fa94-04c1-424b-9868-57a2d4851a1d" />
    <TestEntry testId="10792af8-5f1e-a1b1-f709-5f5aa2f44684" executionId="4997a6a2-d4a0-4432-a3d1-1f11a8ed0182" testListId="8c84fa94-04c1-424b-9868-57a2d4851a1d" />
    <TestEntry testId="90018702-0c8e-1fa2-5b70-28c5058bbb86" executionId="80f5e3b1-1be6-4f6b-989f-393e09ac088c" testListId="8c84fa94-04c1-424b-9868-57a2d4851a1d" />
    <TestEntry testId="787d2e8d-84cd-ffe0-cc7a-135ebcf502ce" executionId="a6987b57-0a7b-494e-ad5b-b8343415a018" testListId="8c84fa94-04c1-424b-9868-57a2d4851a1d" />
    <TestEntry testId="c6dd9bda-5d21-a655-db5e-d972a6404cd2" executionId="b8696bda-d48f-47a7-a12e-e80d24a51824" testListId="8c84fa94-04c1-424b-9868-57a2d4851a1d" />
    <TestEntry testId="c26b5a92-238b-f952-7e2e-dba9f24c80ef" executionId="6045bff2-b5cb-4646-9c79-bdf5be135e7a" testListId="8c84fa94-04c1-424b-9868-57a2d4851a1d" />
    <TestEntry testId="f2900106-eac1-2361-d706-734d663d5c06" executionId="625a52b7-27d2-4842-a450-8ee41eb2fd72" testListId="8c84fa94-04c1-424b-9868-57a2d4851a1d" />
    <TestEntry testId="18a29b2f-64de-1daa-8549-ff3da41adae4" executionId="d4d01184-5603-48bb-ad51-30c0e09707f0" testListId="8c84fa94-04c1-424b-9868-57a2d4851a1d" />
    <TestEntry testId="dee6caaa-1427-a7e5-e9bf-b23d2883c328" executionId="a3b477ed-27c1-48d1-81ec-508fb06238b7" testListId="8c84fa94-04c1-424b-9868-57a2d4851a1d" />
    <TestEntry testId="2ac3bf07-af0c-4f90-dc4c-8267e281147e" executionId="9362ff0c-225e-4192-a5fd-7e174045e8bd" testListId="8c84fa94-04c1-424b-9868-57a2d4851a1d" />
    <TestEntry testId="8409acb2-5abb-0b4f-1408-2e6d633c9ec6" executionId="95199576-9887-49f7-a1a3-41c23f0c31b8" testListId="8c84fa94-04c1-424b-9868-57a2d4851a1d" />
    <TestEntry testId="2a26bbbc-32cf-80f1-617e-4bf7b5954cde" executionId="3c336e04-0064-4110-ba9c-3fcdc4e719ba" testListId="8c84fa94-04c1-424b-9868-57a2d4851a1d" />
    <TestEntry testId="21c55e5e-7b69-7393-2fba-b83ccae94528" executionId="3296a3e0-72e1-430d-8452-d3f598924f44" testListId="8c84fa94-04c1-424b-9868-57a2d4851a1d" />
    <TestEntry testId="866f1d29-ad26-8f6f-6f7a-ba921e863e71" executionId="8c62fabb-34ab-4158-9d2e-688d628b5ab2" testListId="8c84fa94-04c1-424b-9868-57a2d4851a1d" />
    <TestEntry testId="ce5d4f23-3bfa-2804-890f-6499f73ffb32" executionId="5a2931ee-af90-4953-b61e-84a904308e08" testListId="8c84fa94-04c1-424b-9868-57a2d4851a1d" />
    <TestEntry testId="7acd71a6-ed48-85ae-a2c6-fcae39e823b6" executionId="4be1a000-b17d-47e0-8aa5-f2d7a7726454" testListId="8c84fa94-04c1-424b-9868-57a2d4851a1d" />
    <TestEntry testId="496905fc-2064-0276-f0e3-9a1c6faf9b85" executionId="f299331c-0328-4782-bda8-79aefecb1813" testListId="8c84fa94-04c1-424b-9868-57a2d4851a1d" />
    <TestEntry testId="48b5120c-a337-2104-60f7-2c2c9e823f69" executionId="33b5fbd7-5437-4694-b626-aafe295d0bda" testListId="8c84fa94-04c1-424b-9868-57a2d4851a1d" />
    <TestEntry testId="35bc1803-7556-9766-6602-20b14ac9768b" executionId="694a17b3-d95a-4617-8ebf-3479b282715f" testListId="8c84fa94-04c1-424b-9868-57a2d4851a1d" />
    <TestEntry testId="cfee5536-b85f-a2b7-3363-ad945f601171" executionId="dd314f73-a90d-4353-a1e1-abd7adc82ff0" testListId="8c84fa94-04c1-424b-9868-57a2d4851a1d" />
    <TestEntry testId="5f8f18c0-a7aa-e6e5-c4f5-890d1524d873" executionId="fcb5ad1d-c736-4b21-b45c-9f8cec6d5bf2" testListId="8c84fa94-04c1-424b-9868-57a2d4851a1d" />
    <TestEntry testId="7e033fb1-1181-c204-a020-066fc22c5c14" executionId="f95dd2bd-c442-49d4-a882-62f003160af8" testListId="8c84fa94-04c1-424b-9868-57a2d4851a1d" />
    <TestEntry testId="c32d4338-af63-814b-17cf-93dfa4900f72" executionId="67378e44-08e4-4b4f-bd42-2fb03685f432" testListId="8c84fa94-04c1-424b-9868-57a2d4851a1d" />
    <TestEntry testId="3e163b12-f171-ebdc-0e8e-547dec369d9a" executionId="1e609fa6-c80e-4cfe-b44e-e36c1b1ef4df" testListId="8c84fa94-04c1-424b-9868-57a2d4851a1d" />
    <TestEntry testId="dbe6666a-0398-1bc2-bb4a-231be97bd455" executionId="5819a650-6665-4bb4-b9cd-58f095f89fb7" testListId="8c84fa94-04c1-424b-9868-57a2d4851a1d" />
  </TestEntries>
  <TestLists>
    <TestList name="Results Not in a List" id="8c84fa94-04c1-424b-9868-57a2d4851a1d" />
    <TestList name="All Loaded Results" id="19431567-8539-422a-85d7-44ee4e166bda" />
  </TestLists>
  <ResultSummary outcome="Failed">
    <Counters total="264" executed="264" passed="260" failed="4" error="0" timeout="0" aborted="0" inconclusive="0" passedButRunAborted="0" notRunnable="0" notExecuted="0" disconnected="0" warning="0" completed="0" inProgress="0" pending="0" />
    <Output>
      <StdOut>[xUnit.net 00:00:00.00] xUnit.net VSTest Adapter v2.5.3.1+6b60a9e56a (64-bit .NET 8.0.25)
[xUnit.net 00:00:00.08]   Discovering: RoadTripMap.Tests
[xUnit.net 00:00:00.14]   Discovered:  RoadTripMap.Tests
[xUnit.net 00:00:00.14]   Starting:    RoadTripMap.Tests
[xUnit.net 00:00:03.99]       Expected found!.BlobPath to start with "1/", but "test/photo.jpg" differs near "tes" (index 0).
[xUnit.net 00:00:03.99]       Stack Trace:
[xUnit.net 00:00:03.99]            at FluentAssertions.Execution.XUnit2TestFramework.Throw(String message)
[xUnit.net 00:00:03.99]            at FluentAssertions.Execution.TestFrameworkProvider.Throw(String message)
[xUnit.net 00:00:03.99]            at FluentAssertions.Execution.DefaultAssertionStrategy.HandleFailure(String message)
[xUnit.net 00:00:03.99]            at FluentAssertions.Execution.AssertionScope.FailWith(Func`1 failReasonFunc)
[xUnit.net 00:00:03.99]            at FluentAssertions.Execution.AssertionScope.FailWith(Func`1 failReasonFunc)
[xUnit.net 00:00:03.99]            at FluentAssertions.Execution.AssertionScope.FailWith(String message, Object[] args)
[xUnit.net 00:00:03.99]            at FluentAssertions.Primitives.StringStartValidator.ValidateAgainstMismatch()
[xUnit.net 00:00:03.99]            at FluentAssertions.Primitives.StringValidator.Validate()
[xUnit.net 00:00:03.99]            at FluentAssertions.Primitives.StringAssertions`1.StartWith(String expected, String because, Object[] becauseArgs)
[xUnit.net 00:00:03.99]         /home/patrick/projects/road-trip/tests/RoadTripMap.Tests/Endpoints/PhotoEndpointTests.cs(337,0): at RoadTripMap.Tests.Endpoints.PhotoEndpointTests.PhotoServingEndpoint_ReturnsPhotoViaApiProxy()
[xUnit.net 00:00:03.99]         --- End of stack trace from previous location ---
[xUnit.net 00:00:04.07]       Microsoft.EntityFrameworkCore.DbUpdateException : An error occurred while saving the entity changes. See the inner exception for details.
[xUnit.net 00:00:04.07]       ---- Microsoft.Data.Sqlite.SqliteException : SQLite Error 1: 'unknown function: GETUTCDATE()'.
[xUnit.net 00:00:04.07]       Stack Trace:
[xUnit.net 00:00:04.07]            at Microsoft.EntityFrameworkCore.Update.ReaderModificationCommandBatch.ExecuteAsync(IRelationalConnection connection, CancellationToken cancellationToken)
[xUnit.net 00:00:04.07]            at Microsoft.EntityFrameworkCore.Update.Internal.BatchExecutor.ExecuteAsync(IEnumerable`1 commandBatches, IRelationalConnection connection, CancellationToken cancellationToken)
[xUnit.net 00:00:04.07]            at Microsoft.EntityFrameworkCore.Update.Internal.BatchExecutor.ExecuteAsync(IEnumerable`1 commandBatches, IRelationalConnection connection, CancellationToken cancellationToken)
[xUnit.net 00:00:04.07]            at Microsoft.EntityFrameworkCore.Update.Internal.BatchExecutor.ExecuteAsync(IEnumerable`1 commandBatches, IRelationalConnection connection, CancellationToken cancellationToken)
[xUnit.net 00:00:04.07]            at Microsoft.EntityFrameworkCore.ChangeTracking.Internal.StateManager.SaveChangesAsync(IList`1 entriesToSave, CancellationToken cancellationToken)
[xUnit.net 00:00:04.07]            at Microsoft.EntityFrameworkCore.ChangeTracking.Internal.StateManager.SaveChangesAsync(StateManager stateManager, Boolean acceptAllChangesOnSuccess, CancellationToken cancellationToken)
[xUnit.net 00:00:04.07]            at Microsoft.EntityFrameworkCore.DbContext.SaveChangesAsync(Boolean acceptAllChangesOnSuccess, CancellationToken cancellationToken)
[xUnit.net 00:00:04.07]            at Microsoft.EntityFrameworkCore.DbContext.SaveChangesAsync(Boolean acceptAllChangesOnSuccess, CancellationToken cancellationToken)
[xUnit.net 00:00:04.07]         /home/patrick/projects/road-trip/tests/RoadTripMap.Tests/Endpoints/PhotoEndpointTests.cs(592,0): at RoadTripMap.Tests.Endpoints.PhotoEndpointTests.GetPhotosEndpoint_OrdersByTakenAtAscending()
[xUnit.net 00:00:04.07]         --- End of stack trace from previous location ---
[xUnit.net 00:00:04.07]         ----- Inner Stack Trace -----
[xUnit.net 00:00:04.07]            at Microsoft.Data.Sqlite.SqliteException.ThrowExceptionForRC(Int32 rc, sqlite3 db)
[xUnit.net 00:00:04.07]            at Microsoft.Data.Sqlite.SqliteCommand.PrepareAndEnumerateStatements()+MoveNext()
[xUnit.net 00:00:04.07]            at Microsoft.Data.Sqlite.SqliteCommand.GetStatements()+MoveNext()
[xUnit.net 00:00:04.07]            at Microsoft.Data.Sqlite.SqliteDataReader.NextResult()
[xUnit.net 00:00:04.07]            at Microsoft.Data.Sqlite.SqliteCommand.ExecuteReader(CommandBehavior behavior)
[xUnit.net 00:00:04.07]            at Microsoft.Data.Sqlite.SqliteCommand.ExecuteReaderAsync(CommandBehavior behavior, CancellationToken cancellationToken)
[xUnit.net 00:00:04.07]            at Microsoft.Data.Sqlite.SqliteCommand.ExecuteDbDataReaderAsync(CommandBehavior behavior, CancellationToken cancellationToken)
[xUnit.net 00:00:04.07]            at Microsoft.EntityFrameworkCore.Storage.RelationalCommand.ExecuteReaderAsync(RelationalCommandParameterObject parameterObject, CancellationToken cancellationToken)
[xUnit.net 00:00:04.07]            at Microsoft.EntityFrameworkCore.Storage.RelationalCommand.ExecuteReaderAsync(RelationalCommandParameterObject parameterObject, CancellationToken cancellationToken)
[xUnit.net 00:00:04.07]            at Microsoft.EntityFrameworkCore.Update.ReaderModificationCommandBatch.ExecuteAsync(IRelationalConnection connection, CancellationToken cancellationToken)
[xUnit.net 00:00:04.08]       Expected photos[0].Id to be 2, but found 1.
[xUnit.net 00:00:04.08]       Stack Trace:
[xUnit.net 00:00:04.08]            at FluentAssertions.Execution.XUnit2TestFramework.Throw(String message)
[xUnit.net 00:00:04.08]            at FluentAssertions.Execution.TestFrameworkProvider.Throw(String message)
[xUnit.net 00:00:04.08]            at FluentAssertions.Execution.DefaultAssertionStrategy.HandleFailure(String message)
[xUnit.net 00:00:04.08]            at FluentAssertions.Execution.AssertionScope.FailWith(Func`1 failReasonFunc)
[xUnit.net 00:00:04.08]            at FluentAssertions.Execution.AssertionScope.FailWith(Func`1 failReasonFunc)
[xUnit.net 00:00:04.08]            at FluentAssertions.Execution.AssertionScope.FailWith(String message, Object[] args)
[xUnit.net 00:00:04.08]            at FluentAssertions.Numeric.NumericAssertions`2.Be(T expected, String because, Object[] becauseArgs)
[xUnit.net 00:00:04.08]         /home/patrick/projects/road-trip/tests/RoadTripMap.Tests/Endpoints/PhotoEndpointTests.cs(478,0): at RoadTripMap.Tests.Endpoints.PhotoEndpointTests.GetPhotosEndpoint_WithValidToken_ReturnsPhotos()
[xUnit.net 00:00:04.08]         --- End of stack trace from previous location ---
[xUnit.net 00:00:04.10]       Microsoft.EntityFrameworkCore.DbUpdateException : An error occurred while saving the entity changes. See the inner exception for details.
[xUnit.net 00:00:04.10]       ---- Microsoft.Data.Sqlite.SqliteException : SQLite Error 1: 'unknown function: GETUTCDATE()'.
[xUnit.net 00:00:04.10]       Stack Trace:
[xUnit.net 00:00:04.10]            at Microsoft.EntityFrameworkCore.Update.ReaderModificationCommandBatch.ExecuteAsync(IRelationalConnection connection, CancellationToken cancellationToken)
[xUnit.net 00:00:04.10]            at Microsoft.EntityFrameworkCore.Update.Internal.BatchExecutor.ExecuteAsync(IEnumerable`1 commandBatches, IRelationalConnection connection, CancellationToken cancellationToken)
[xUnit.net 00:00:04.10]            at Microsoft.EntityFrameworkCore.Update.Internal.BatchExecutor.ExecuteAsync(IEnumerable`1 commandBatches, IRelationalConnection connection, CancellationToken cancellationToken)
[xUnit.net 00:00:04.10]            at Microsoft.EntityFrameworkCore.Update.Internal.BatchExecutor.ExecuteAsync(IEnumerable`1 commandBatches, IRelationalConnection connection, CancellationToken cancellationToken)
[xUnit.net 00:00:04.10]            at Microsoft.EntityFrameworkCore.ChangeTracking.Internal.StateManager.SaveChangesAsync(IList`1 entriesToSave, CancellationToken cancellationToken)
[xUnit.net 00:00:04.10]            at Microsoft.EntityFrameworkCore.ChangeTracking.Internal.StateManager.SaveChangesAsync(StateManager stateManager, Boolean acceptAllChangesOnSuccess, CancellationToken cancellationToken)
[xUnit.net 00:00:04.10]            at Microsoft.EntityFrameworkCore.DbContext.SaveChangesAsync(Boolean acceptAllChangesOnSuccess, CancellationToken cancellationToken)
[xUnit.net 00:00:04.10]            at Microsoft.EntityFrameworkCore.DbContext.SaveChangesAsync(Boolean acceptAllChangesOnSuccess, CancellationToken cancellationToken)
[xUnit.net 00:00:04.10]         /home/patrick/projects/road-trip/tests/RoadTripMap.Tests/Endpoints/PhotoEndpointTests.cs(691,0): at RoadTripMap.Tests.Endpoints.PhotoEndpointTests.GetPhotosEndpoint_WithNullTakenAt_SortsNullsLast()
[xUnit.net 00:00:04.10]         --- End of stack trace from previous location ---
[xUnit.net 00:00:04.10]         ----- Inner Stack Trace -----
[xUnit.net 00:00:04.10]            at Microsoft.Data.Sqlite.SqliteException.ThrowExceptionForRC(Int32 rc, sqlite3 db)
[xUnit.net 00:00:04.10]            at Microsoft.Data.Sqlite.SqliteCommand.PrepareAndEnumerateStatements()+MoveNext()
[xUnit.net 00:00:04.10]            at Microsoft.Data.Sqlite.SqliteCommand.GetStatements()+MoveNext()
[xUnit.net 00:00:04.10]            at Microsoft.Data.Sqlite.SqliteDataReader.NextResult()
[xUnit.net 00:00:04.10]            at Microsoft.Data.Sqlite.SqliteCommand.ExecuteReader(CommandBehavior behavior)
[xUnit.net 00:00:04.10]            at Microsoft.Data.Sqlite.SqliteCommand.ExecuteReaderAsync(CommandBehavior behavior, CancellationToken cancellationToken)
[xUnit.net 00:00:04.10]            at Microsoft.Data.Sqlite.SqliteCommand.ExecuteDbDataReaderAsync(CommandBehavior behavior, CancellationToken cancellationToken)
[xUnit.net 00:00:04.10]            at Microsoft.EntityFrameworkCore.Storage.RelationalCommand.ExecuteReaderAsync(RelationalCommandParameterObject parameterObject, CancellationToken cancellationToken)
[xUnit.net 00:00:04.10]            at Microsoft.EntityFrameworkCore.Storage.RelationalCommand.ExecuteReaderAsync(RelationalCommandParameterObject parameterObject, CancellationToken cancellationToken)
[xUnit.net 00:00:04.10]            at Microsoft.EntityFrameworkCore.Update.ReaderModificationCommandBatch.ExecuteAsync(IRelationalConnection connection, CancellationToken cancellationToken)
[xUnit.net 00:00:09.07]   Finished:    RoadTripMap.Tests
</StdOut>
    </Output>
    <RunInfos>
      <RunInfo computerName="DESKTOP-8QN70SI" outcome="Error" timestamp="2026-04-13T23:08:30.1848780-04:00">
        <Text>[xUnit.net 00:00:03.99]     RoadTripMap.Tests.Endpoints.PhotoEndpointTests.PhotoServingEndpoint_ReturnsPhotoViaApiProxy [FAIL]</Text>
      </RunInfo>
      <RunInfo computerName="DESKTOP-8QN70SI" outcome="Error" timestamp="2026-04-13T23:08:30.2682872-04:00">
        <Text>[xUnit.net 00:00:04.07]     RoadTripMap.Tests.Endpoints.PhotoEndpointTests.GetPhotosEndpoint_OrdersByTakenAtAscending [FAIL]</Text>
      </RunInfo>
      <RunInfo computerName="DESKTOP-8QN70SI" outcome="Error" timestamp="2026-04-13T23:08:30.2770556-04:00">
        <Text>[xUnit.net 00:00:04.08]     RoadTripMap.Tests.Endpoints.PhotoEndpointTests.GetPhotosEndpoint_WithValidToken_ReturnsPhotos [FAIL]</Text>
      </RunInfo>
      <RunInfo computerName="DESKTOP-8QN70SI" outcome="Error" timestamp="2026-04-13T23:08:30.2959036-04:00">
        <Text>[xUnit.net 00:00:04.10]     RoadTripMap.Tests.Endpoints.PhotoEndpointTests.GetPhotosEndpoint_WithNullTakenAt_SortsNullsLast [FAIL]</Text>
      </RunInfo>
    </RunInfos>
  </ResultSummary>
</TestRun>